[2025-10-19 05:21:28] NavigationEngine :: INFO :: USER[test-user] VIEW[main]: Инициализация...
[2025-10-19 05:21:28] NavigationEngine :: INFO :: USER[test-user] VIEW[main]: Вы находитесь в главном меню...
[2025-10-19 05:21:30] NavigationEngine :: INFO :: USER[test-user] ACTION: 'Тест: Алфавит' (id=unknown)
[2025-10-19 05:21:30] NavigationEngine :: INFO :: USER[test-user] VIEW[alphabet]: Выберите букву фамилии студента...
[2025-10-19 05:21:31] NavigationEngine :: INFO :: USER[test-user] ACTION: '>>' (id=unknown)
[2025-10-19 05:21:31] NavigationEngine :: INFO :: USER[test-user] VIEW[alphabet]: Выберите букву фамилии студента...
[2025-10-19 05:21:32] NavigationEngine :: INFO :: USER[test-user] ACTION: '<<' (id=unknown)
[2025-10-19 05:21:32] NavigationEngine :: INFO :: USER[test-user] VIEW[alphabet]: Выберите букву фамилии студента...
[2025-10-19 05:21:33] NavigationEngine :: INFO :: USER[test-user] ACTION: '>>' (id=unknown)
[2025-10-19 05:21:33] NavigationEngine :: INFO :: USER[test-user] VIEW[alphabet]: Выберите букву фамилии студента...
[2025-10-19 05:21:34] NavigationEngine :: INFO :: USER[test-user] ACTION: '>>' (id=unknown)
[2025-10-19 05:21:34] NavigationEngine :: INFO :: USER[test-user] VIEW[alphabet]: Выберите букву фамилии студента...
[2025-10-19 05:21:35] NavigationEngine :: INFO :: USER[test-user] ACTION: '>>' (id=unknown)
[2025-10-19 05:21:35] NavigationEngine :: INFO :: USER[test-user] VIEW[alphabet]: Выберите букву фамилии студента...
[2025-10-19 05:21:37] NavigationEngine :: INFO :: USER[test-user] ACTION: '<<' (id=unknown)
[2025-10-19 05:21:37] NavigationEngine :: INFO :: USER[test-user] VIEW[alphabet]: Выберите букву фамилии студента...
[2025-10-19 05:21:38] NavigationEngine :: INFO :: USER[test-user] ACTION: '<<' (id=unknown)
[2025-10-19 05:21:38] NavigationEngine :: INFO :: USER[test-user] VIEW[alphabet]: Выберите букву фамилии студента...
[2025-10-19 05:21:39] NavigationEngine :: INFO :: USER[test-user] ACTION: '<<' (id=unknown)
[2025-10-19 05:21:39] NavigationEngine :: INFO :: USER[test-user] VIEW[alphabet]: Выберите букву фамилии студента...
[2025-10-19 05:21:40] NavigationEngine :: INFO :: USER[test-user] ACTION: '< Назад' (id=unknown)
[2025-10-19 05:21:40] NavigationEngine :: INFO :: USER[test-user] VIEW[main]: Вы находитесь в главном меню...
[2025-10-19 05:21:42] NavigationEngine :: INFO :: USER[test-user] ACTION: 'Поставить отметки' (id=unknown)
[2025-10-19 05:21:42] NavigationEngine :: INFO :: USER[test-user] VIEW[quick_grade]: Быстрый выбор: для кого ставим отметку?...
[2025-10-19 05:21:43] NavigationEngine :: INFO :: USER[test-user] ACTION: '< Назад' (id=unknown)
[2025-10-19 05:21:43] NavigationEngine :: INFO :: USER[test-user] VIEW[main]: Вы находитесь в главном меню...
[2025-10-19 05:21:44] NavigationEngine :: INFO :: USER[test-user] ACTION: 'Ближайшие встречи' (id=unknown)
[2025-10-19 05:21:44] NavigationEngine :: ERROR :: Целевой экран не найден: meetings
[2025-10-19 05:21:44] NavigationEngine :: INFO :: USER[test-user] VIEW[main]: Вы находитесь в главном меню...
[2025-10-19 05:21:45] NavigationEngine :: INFO :: USER[test-user] ACTION: 'Ближайшие встречи' (id=unknown)
[2025-10-19 05:21:45] NavigationEngine :: ERROR :: Целевой экран не найден: meetings
[2025-10-19 05:21:45] NavigationEngine :: INFO :: USER[test-user] VIEW[main]: Вы находитесь в главном меню...
[2025-10-19 05:21:46] NavigationEngine :: INFO :: USER[test-user] ACTION: 'Разговорный режим' (id=unknown)
[2025-10-19 05:22:00] NavigationEngine :: INFO :: USER[test-user] VIEW[main]: Инициализация...
[2025-10-19 05:22:00] NavigationEngine :: INFO :: USER[test-user] VIEW[main]: Вы находитесь в главном меню...
[2025-10-19 05:22:03] NavigationEngine :: INFO :: USER[test-user] ACTION: 'Мои треки' (id=unknown)
[2025-10-19 05:22:03] NavigationEngine :: INFO :: USER[test-user] VIEW[tracks]: Ваши курсы (треки)...
[2025-10-19 05:22:04] NavigationEngine :: INFO :: USER[test-user] ACTION: 'Геймдизайн' (id=unknown)
[2025-10-19 05:22:04] NavigationEngine :: INFO :: USER[test-user] VIEW[track_detail]: Трек: Геймдизайн...
[2025-10-19 05:22:06] NavigationEngine :: INFO :: USER[test-user] ACTION: 'Студенты' (id=unknown)
[2025-10-19 05:22:06] NavigationEngine :: INFO :: USER[test-user] VIEW[track_students]: Студенты в треке «Геймдизайн»...
[2025-10-19 05:22:08] NavigationEngine :: INFO :: USER[test-user] ACTION: '< Назад' (id=unknown)
[2025-10-19 05:22:08] NavigationEngine :: INFO :: USER[test-user] VIEW[track_detail]: Трек: Геймдизайн...
[2025-10-19 05:22:09] NavigationEngine :: INFO :: USER[test-user] ACTION: '< Назад' (id=unknown)
[2025-10-19 05:22:09] NavigationEngine :: INFO :: USER[test-user] VIEW[tracks]: Ваши курсы (треки)...
[2025-10-19 05:22:10] NavigationEngine :: INFO :: USER[test-user] ACTION: 'Архитектура' (id=unknown)
[2025-10-19 05:22:10] NavigationEngine :: INFO :: USER[test-user] VIEW[track_detail]: Трек: Архитектура...
[2025-10-19 05:22:11] NavigationEngine :: INFO :: USER[test-user] ACTION: 'Настройка' (id=unknown)
[2025-10-19 05:22:24] NavigationEngine :: INFO :: USER[test-user] VIEW[main]: Инициализация...
[2025-10-19 05:22:24] NavigationEngine :: INFO :: USER[test-user] VIEW[main]: Вы находитесь в главном меню...
[2025-10-19 05:22:26] NavigationEngine :: INFO :: USER[test-user] ACTION: 'Поставить отметки' (id=unknown)
[2025-10-19 05:22:26] NavigationEngine :: INFO :: USER[test-user] VIEW[quick_grade]: Быстрый выбор: для кого ставим отметку?...
[2025-10-19 05:22:28] NavigationEngine :: INFO :: USER[test-user] ACTION: 'Иванов Иван' (id=unknown)
[2025-10-19 05:22:28] NavigationEngine :: INFO :: USER[test-user] VIEW[select_metric]: Выберите метрику для Иванов Иван...
[2025-10-19 05:22:31] NavigationEngine :: INFO :: USER[test-user] ACTION: 'Адаптивность' (id=unknown)
[2025-10-19 05:45:13] NavigationEngine :: INFO :: USER[test-user] VIEW[main]: Инициализация...
[2025-10-19 05:45:13] NavigationEngine :: INFO :: USER[test-user] VIEW[main]: Вы находитесь в главном меню...
[2025-10-19 05:45:19] NavigationEngine :: INFO :: USER[test-user] ACTION: 'Помощь от ИИ' (id=unknown)
[2025-10-19 05:45:26] NavigationEngine :: INFO :: USER[test-user] VIEW[main]: Инициализация...
[2025-10-19 05:45:26] NavigationEngine :: INFO :: USER[test-user] VIEW[main]: Вы находитесь в главном меню...
[2025-10-19 05:45:27] NavigationEngine :: INFO :: USER[test-user] ACTION: 'Тест: Алфавит' (id=unknown)
[2025-10-19 05:45:27] NavigationEngine :: INFO :: USER[test-user] VIEW[alphabet]: Выберите букву фамилии студента...
[2025-10-19 05:45:29] NavigationEngine :: INFO :: USER[test-user] ACTION: 'D' (id=unknown)
[2025-10-19 05:45:29] NavigationEngine :: ERROR :: Целевой экран не найден: item_selected
[2025-10-19 05:45:29] NavigationEngine :: INFO :: USER[test-user] VIEW[alphabet]: Выберите букву фамилии студента...
[2025-10-19 05:45:30] NavigationEngine :: INFO :: USER[test-user] ACTION: 'D' (id=unknown)
[2025-10-19 05:45:30] NavigationEngine :: ERROR :: Целевой экран не найден: item_selected
[2025-10-19 05:45:30] NavigationEngine :: INFO :: USER[test-user] VIEW[alphabet]: Выберите букву фамилии студента...
[2025-10-19 05:45:31] NavigationEngine :: INFO :: USER[test-user] ACTION: 'C' (id=unknown)
[2025-10-19 05:45:31] NavigationEngine :: ERROR :: Целевой экран не найден: item_selected
[2025-10-19 05:45:31] NavigationEngine :: INFO :: USER[test-user] VIEW[alphabet]: Выберите букву фамилии студента...
[2025-10-19 05:45:32] NavigationEngine :: INFO :: USER[test-user] ACTION: 'E' (id=unknown)
[2025-10-19 05:45:32] NavigationEngine :: ERROR :: Целевой экран не найден: item_selected
[2025-10-19 05:45:32] NavigationEngine :: INFO :: USER[test-user] VIEW[alphabet]: Выберите букву фамилии студента...
[2025-10-19 05:45:33] NavigationEngine :: INFO :: USER[test-user] ACTION: 'F' (id=unknown)
[2025-10-19 05:45:33] NavigationEngine :: ERROR :: Целевой экран не найден: item_selected
[2025-10-19 05:45:33] NavigationEngine :: INFO :: USER[test-user] VIEW[alphabet]: Выберите букву фамилии студента...
[2025-10-19 05:45:34] NavigationEngine :: INFO :: USER[test-user] ACTION: '< Назад' (id=unknown)
[2025-10-19 05:45:34] NavigationEngine :: INFO :: USER[test-user] VIEW[main]: Вы находитесь в главном меню...
[2025-10-19 05:45:35] NavigationEngine :: INFO :: USER[test-user] ACTION: 'Поставить отметки' (id=unknown)
[2025-10-19 05:45:35] NavigationEngine :: INFO :: USER[test-user] VIEW[quick_grade]: Быстрый выбор: для кого ставим отметку?...
[2025-10-19 05:45:37] NavigationEngine :: INFO :: USER[test-user] ACTION: 'Иванов Иван' (id=unknown)
[2025-10-19 05:45:37] NavigationEngine :: INFO :: USER[test-user] VIEW[select_metric]: Выберите метрику для Иванов Иван...
[2025-10-19 05:45:38] NavigationEngine :: INFO :: USER[test-user] ACTION: 'Дисциплина' (id=unknown)
[2025-10-19 05:45:38] NavigationEngine :: INFO :: USER[test-user] VIEW[confirm_mark]: Подтвердите: отметить Иванов Иван по метрике «Дисциплина»?...
[2025-10-19 05:45:42] NavigationEngine :: INFO :: USER[test-user] ACTION: 'Да' (id=unknown)
[2025-10-19 05:45:42] NavigationEngine :: INFO :: USER[test-user] VIEW[quick_grade]: Быстрый выбор: для кого ставим отметку?...
[2025-10-19 05:45:45] NavigationEngine :: INFO :: USER[test-user] ACTION: 'Иванов Иван' (id=unknown)
[2025-10-19 05:45:45] NavigationEngine :: INFO :: USER[test-user] VIEW[select_metric]: Выберите метрику для Иванов Иван...
[2025-10-19 05:45:47] NavigationEngine :: INFO :: USER[test-user] ACTION: 'Дисциплина' (id=unknown)
[2025-10-19 05:45:47] NavigationEngine :: INFO :: USER[test-user] VIEW[confirm_mark]: Подтвердите: отметить Иванов Иван по метрике «Дисциплина»?...
[2025-10-19 05:45:50] NavigationEngine :: INFO :: USER[test-user] ACTION: 'Нет' (id=unknown)
[2025-10-19 05:45:50] NavigationEngine :: INFO :: USER[test-user] VIEW[select_metric]: Выберите метрику для Иванов Иван...
[2025-10-19 05:45:52] NavigationEngine :: INFO :: USER[test-user] ACTION: 'Коммуникация' (id=unknown)
[2025-10-19 05:45:52] NavigationEngine :: INFO :: USER[test-user] VIEW[confirm_mark]: Подтвердите: отметить Иванов Иван по метрике «Коммуникация»?...
[2025-10-19 05:45:53] NavigationEngine :: INFO :: USER[test-user] ACTION: 'Да' (id=unknown)
[2025-10-19 05:45:53] NavigationEngine :: INFO :: USER[test-user] VIEW[confirm_mark]: Подтвердите: отметить Иванов Иван по метрике «Коммуникация»?...
[2025-10-19 05:45:54] NavigationEngine :: INFO :: USER[test-user] ACTION: 'Да' (id=unknown)
[2025-10-19 05:45:54] NavigationEngine :: INFO :: USER[test-user] VIEW[quick_grade]: Быстрый выбор: для кого ставим отметку?...
[2025-10-19 05:45:57] NavigationEngine :: INFO :: USER[test-user] ACTION: 'Сидоров Сидор' (id=unknown)
[2025-10-19 05:45:57] NavigationEngine :: INFO :: USER[test-user] VIEW[select_metric]: Выберите метрику для Сидоров Сидор...
[2025-10-19 05:45:59] NavigationEngine :: INFO :: USER[test-user] ACTION: 'Точность' (id=unknown)
[2025-10-19 05:45:59] NavigationEngine :: INFO :: USER[test-user] VIEW[confirm_mark]: Подтвердите: отметить Сидоров Сидор по метрике «Точность»?...
[2025-10-19 05:46:00] NavigationEngine :: INFO :: USER[test-user] ACTION: '< Назад' (id=unknown)
[2025-10-19 05:46:00] NavigationEngine :: INFO :: USER[test-user] VIEW[select_metric]: Выберите метрику для Сидоров Сидор...
[2025-10-19 05:46:03] NavigationEngine :: INFO :: USER[test-user] ACTION: 'Лидерство' (id=unknown)
[2025-10-19 05:46:03] NavigationEngine :: INFO :: USER[test-user] VIEW[confirm_mark]: Подтвердите: отметить Сидоров Сидор по метрике «Лидерство»?...
[2025-10-19 05:46:04] NavigationEngine :: INFO :: USER[test-user] ACTION: '< Назад' (id=unknown)
[2025-10-19 05:46:04] NavigationEngine :: INFO :: USER[test-user] VIEW[select_metric]: Выберите метрику для Сидоров Сидор...
[2025-10-19 05:46:09] NavigationEngine :: INFO :: USER[test-user] ACTION: 'Настойчивость' (id=unknown)
[2025-10-19 05:46:09] NavigationEngine :: INFO :: USER[test-user] VIEW[confirm_mark]: Подтвердите: отметить Сидоров Сидор по метрике «Настойчивост...
[2025-10-19 05:46:11] NavigationEngine :: INFO :: USER[test-user] ACTION: '< Назад' (id=unknown)
[2025-10-19 05:46:11] NavigationEngine :: INFO :: USER[test-user] VIEW[select_metric]: Выберите метрику для Сидоров Сидор...
[2025-10-19 05:46:12] NavigationEngine :: INFO :: USER[test-user] ACTION: 'Настойчивость' (id=unknown)
[2025-10-19 05:46:12] NavigationEngine :: INFO :: USER[test-user] VIEW[confirm_mark]: Подтвердите: отметить Сидоров Сидор по метрике «Настойчивост...
[2025-10-19 05:46:13] NavigationEngine :: INFO :: USER[test-user] ACTION: '< Назад' (id=unknown)
[2025-10-19 05:46:13] NavigationEngine :: INFO :: USER[test-user] VIEW[select_metric]: Выберите метрику для Сидоров Сидор...
[2025-10-19 05:46:14] NavigationEngine :: INFO :: USER[test-user] ACTION: 'Настойчивость' (id=unknown)
[2025-10-19 05:46:14] NavigationEngine :: INFO :: USER[test-user] VIEW[confirm_mark]: Подтвердите: отметить Сидоров Сидор по метрике «Настойчивост...
[2025-10-19 05:46:16] NavigationEngine :: INFO :: USER[test-user] ACTION: 'Да' (id=unknown)
[2025-10-19 05:46:16] NavigationEngine :: INFO :: USER[test-user] VIEW[quick_grade]: Быстрый выбор: для кого ставим отметку?...
[2025-10-19 05:46:17] NavigationEngine :: INFO :: USER[test-user] ACTION: '< Назад' (id=unknown)
[2025-10-19 05:46:17] NavigationEngine :: INFO :: USER[test-user] VIEW[main]: Вы находитесь в главном меню...
[2025-10-19 05:46:20] NavigationEngine :: INFO :: USER[test-user] ACTION: 'Мои предпочтения...' (id=unknown)
[2025-10-19 05:46:20] NavigationEngine :: ERROR :: Целевой экран не найден: prefs
[2025-10-19 05:46:20] NavigationEngine :: INFO :: USER[test-user] VIEW[main]: Вы находитесь в главном меню...
[2025-10-19 05:46:22] NavigationEngine :: INFO :: USER[test-user] ACTION: 'Мои предпочтения...' (id=unknown)
[2025-10-19 05:46:22] NavigationEngine :: ERROR :: Целевой экран не найден: prefs
[2025-10-19 05:46:22] NavigationEngine :: INFO :: USER[test-user] VIEW[main]: Вы находитесь в главном меню...
[2025-10-19 05:46:22] NavigationEngine :: INFO :: USER[test-user] ACTION: 'Мои предпочтения...' (id=unknown)
[2025-10-19 05:46:22] NavigationEngine :: ERROR :: Целевой экран не найден: prefs
[2025-10-19 05:46:22] NavigationEngine :: INFO :: USER[test-user] VIEW[main]: Вы находитесь в главном меню...
[2025-10-19 05:46:23] NavigationEngine :: INFO :: USER[test-user] ACTION: 'Мои треки' (id=unknown)
[2025-10-19 05:46:23] NavigationEngine :: INFO :: USER[test-user] VIEW[tracks]: Ваши курсы (треки)...
[2025-10-19 05:46:24] NavigationEngine :: INFO :: USER[test-user] ACTION: '< Назад' (id=unknown)
[2025-10-19 05:46:24] NavigationEngine :: INFO :: USER[test-user] VIEW[main]: Вы находитесь в главном меню...
[2025-10-19 05:46:25] NavigationEngine :: INFO :: USER[test-user] ACTION: 'Поставить отметки' (id=unknown)
[2025-10-19 05:46:25] NavigationEngine :: INFO :: USER[test-user] VIEW[quick_grade]: Быстрый выбор: для кого ставим отметку?...
[2025-10-19 05:46:26] NavigationEngine :: INFO :: USER[test-user] ACTION: '< Назад' (id=unknown)
[2025-10-19 05:46:26] NavigationEngine :: INFO :: USER[test-user] VIEW[main]: Вы находитесь в главном меню...
[2025-10-19 05:46:27] NavigationEngine :: INFO :: USER[test-user] ACTION: 'Ближайшие встречи' (id=unknown)
[2025-10-19 05:46:27] NavigationEngine :: ERROR :: Целевой экран не найден: meetings
[2025-10-19 05:46:27] NavigationEngine :: INFO :: USER[test-user] VIEW[main]: Вы находитесь в главном меню...
[2025-10-19 05:46:29] NavigationEngine :: INFO :: USER[test-user] ACTION: 'Ближайшие встречи' (id=unknown)
[2025-10-19 05:46:29] NavigationEngine :: ERROR :: Целевой экран не найден: meetings
[2025-10-19 05:46:29] NavigationEngine :: INFO :: USER[test-user] VIEW[main]: Вы находитесь в главном меню...
[2025-10-19 05:46:30] NavigationEngine :: INFO :: USER[test-user] ACTION: 'Разговорный режим' (id=unknown)
[2025-10-19 05:50:36] NavigationEngine :: INFO :: USER[test-user] VIEW[main]: Инициализация...
[2025-10-19 05:50:36] NavigationEngine :: INFO :: USER[test-user] VIEW[main]: Вы находитесь в главном меню...
[2025-10-19 05:50:40] NavigationEngine :: INFO :: USER[test-user] ACTION: 'Поставить отметки' (id=unknown)
[2025-10-19 05:50:40] NavigationEngine :: INFO :: USER[test-user] VIEW[quick_grade]: Быстрый выбор: для кого ставим отметку?...
[2025-10-19 05:50:41] NavigationEngine :: INFO :: USER[test-user] ACTION: '< Назад' (id=unknown)
[2025-10-19 05:50:41] NavigationEngine :: INFO :: USER[test-user] VIEW[main]: Вы находитесь в главном меню...
[2025-10-19 05:50:42] NavigationEngine :: INFO :: USER[test-user] ACTION: 'Ближайшие встречи' (id=unknown)
[2025-10-19 05:50:42] NavigationEngine :: ERROR :: Целевой экран не найден: meetings
[2025-10-19 05:50:42] NavigationEngine :: INFO :: USER[test-user] VIEW[main]: Вы находитесь в главном меню...
[2025-10-19 05:50:43] NavigationEngine :: INFO :: USER[test-user] ACTION: 'Разговорный режим' (id=unknown)
[2025-10-19 05:50:51] NavigationEngine :: INFO :: USER[test-user] VIEW[main]: Инициализация...
[2025-10-19 05:50:51] NavigationEngine :: INFO :: USER[test-user] VIEW[main]: Вы находитесь в главном меню...
[2025-10-19 05:50:54] NavigationEngine :: INFO :: USER[test-user] ACTION: 'Мои треки' (id=unknown)
[2025-10-19 05:50:54] NavigationEngine :: INFO :: USER[test-user] VIEW[tracks]: Ваши курсы (треки)...
[2025-10-19 05:50:55] NavigationEngine :: INFO :: USER[test-user] ACTION: 'Геймдизайн' (id=unknown)
[2025-10-19 05:50:55] NavigationEngine :: INFO :: USER[test-user] VIEW[track_detail]: Трек: Геймдизайн...
[2025-10-19 05:50:56] NavigationEngine :: INFO :: USER[test-user] ACTION: 'Настройка' (id=unknown)
[2025-10-19 05:50:56] NavigationEngine :: INFO :: USER[test-user] VIEW[track_settings]: Настройки трека «Геймдизайн»...
[2025-10-19 05:50:59] NavigationEngine :: INFO :: USER[test-user] ACTION: 'Изменить название' (id=unknown)
[2025-10-19 05:50:59] NavigationEngine :: ERROR :: Неизвестное действие: edit_name
[2025-10-19 05:50:59] NavigationEngine :: INFO :: USER[test-user] VIEW[track_settings]: Настройки трека «Геймдизайн»...
[2025-10-19 05:51:00] NavigationEngine :: INFO :: USER[test-user] ACTION: '< Назад' (id=unknown)
[2025-10-19 05:51:00] NavigationEngine :: INFO :: USER[test-user] VIEW[track_detail]: Трек: Геймдизайн...
[2025-10-19 05:51:00] NavigationEngine :: INFO :: USER[test-user] ACTION: 'Студенты' (id=unknown)
[2025-10-19 05:51:00] NavigationEngine :: INFO :: USER[test-user] VIEW[track_students]: Студенты в треке «Геймдизайн»...
[2025-10-19 05:51:01] NavigationEngine :: INFO :: USER[test-user] ACTION: 'Иванов Иван' (id=unknown)
[2025-10-19 05:51:01] NavigationEngine :: INFO :: USER[test-user] VIEW[student_profile]: Студент: Иванов Иван...
[2025-10-19 05:51:02] NavigationEngine :: INFO :: USER[test-user] ACTION: 'Открыть профиль' (id=unknown)
[2025-10-19 05:51:02] NavigationEngine :: ERROR :: Неизвестное действие: open_full_profile
[2025-10-19 05:51:02] NavigationEngine :: INFO :: USER[test-user] VIEW[student_profile]: Студент: Иванов Иван...
[2025-10-19 05:51:03] NavigationEngine :: INFO :: USER[test-user] ACTION: 'Поставить отметку' (id=unknown)
[2025-10-19 05:51:03] NavigationEngine :: INFO :: USER[test-user] VIEW[select_metric]: Выберите метрику для Иванов Иван...
[2025-10-19 05:51:05] NavigationEngine :: INFO :: USER[test-user] ACTION: 'Дисциплина' (id=unknown)
[2025-10-19 05:51:05] NavigationEngine :: INFO :: USER[test-user] VIEW[confirm_mark]: Подтвердите: отметить Иванов Иван по метрике «Дисциплина»?...
[2025-10-19 05:51:06] NavigationEngine :: INFO :: USER[test-user] ACTION: 'Да' (id=unknown)
[2025-10-19 05:51:06] NavigationEngine :: INFO :: USER[test-user] VIEW[student_profile]: Студент: Иванов Иван...
[2025-10-19 05:51:07] NavigationEngine :: INFO :: USER[test-user] ACTION: '< Назад' (id=unknown)
[2025-10-19 05:51:07] NavigationEngine :: INFO :: USER[test-user] VIEW[track_students]: Студенты в треке «Геймдизайн»...
[2025-10-19 05:51:08] NavigationEngine :: INFO :: USER[test-user] ACTION: '< Назад' (id=unknown)
[2025-10-19 05:51:08] NavigationEngine :: INFO :: USER[test-user] VIEW[track_detail]: Трек: Геймдизайн...
[2025-10-19 05:51:08] NavigationEngine :: INFO :: USER[test-user] ACTION: '< Назад' (id=unknown)
[2025-10-19 05:51:08] NavigationEngine :: INFO :: USER[test-user] VIEW[tracks]: Ваши курсы (треки)...
[2025-10-19 05:51:08] NavigationEngine :: INFO :: USER[test-user] ACTION: '< Назад' (id=unknown)
[2025-10-19 05:51:08] NavigationEngine :: INFO :: USER[test-user] VIEW[main]: Вы находитесь в главном меню...
[2025-10-19 05:51:08] NavigationEngine :: INFO :: USER[test-user] ACTION: 'Мои предпочтения...' (id=unknown)
[2025-10-19 05:51:08] NavigationEngine :: ERROR :: Целевой экран не найден: prefs
[2025-10-19 05:51:08] NavigationEngine :: INFO :: USER[test-user] VIEW[main]: Вы находитесь в главном меню...
[2025-10-19 05:51:10] NavigationEngine :: INFO :: USER[test-user] ACTION: 'Тест: Алфавит' (id=unknown)
[2025-10-19 05:51:10] NavigationEngine :: INFO :: USER[test-user] VIEW[alphabet]: Выберите букву фамилии студента...
[2025-10-19 05:51:11] NavigationEngine :: INFO :: USER[test-user] ACTION: 'H' (id=unknown)
[2025-10-19 05:51:11] NavigationEngine :: ERROR :: Целевой экран не найден: item_selected
[2025-10-19 05:51:11] NavigationEngine :: INFO :: USER[test-user] VIEW[alphabet]: Выберите букву фамилии студента...
[2025-10-19 05:51:11] NavigationEngine :: INFO :: USER[test-user] ACTION: '>>' (id=unknown)
[2025-10-19 05:51:11] NavigationEngine :: INFO :: USER[test-user] VIEW[alphabet]: Выберите букву фамилии студента...
[2025-10-19 05:51:12] NavigationEngine :: INFO :: USER[test-user] ACTION: '>>' (id=unknown)
[2025-10-19 05:51:12] NavigationEngine :: INFO :: USER[test-user] VIEW[alphabet]: Выберите букву фамилии студента...
[2025-10-19 05:51:13] NavigationEngine :: INFO :: USER[test-user] ACTION: '< Назад' (id=unknown)
[2025-10-19 05:51:13] NavigationEngine :: INFO :: USER[test-user] VIEW[main]: Вы находитесь в главном меню...
[2025-10-19 05:51:14] NavigationEngine :: INFO :: USER[test-user] ACTION: 'Тест: Алфавит' (id=unknown)
[2025-10-19 05:51:14] NavigationEngine :: INFO :: USER[test-user] VIEW[alphabet]: Выберите букву фамилии студента...
[2025-10-19 17:23:15] NavigationEngine :: INFO :: USER[test-user] VIEW[main]: Инициализация...
[2025-10-19 17:23:15] NavigationEngine :: INFO :: USER[test-user] VIEW[main]: Вы находитесь в главном меню...
[2025-10-19 17:23:50] NavigationEngine :: INFO :: USER[test-user] ACTION: 'Мои треки' (id=unknown)
[2025-10-19 17:23:50] NavigationEngine :: INFO :: USER[test-user] VIEW[tracks]: Ваши курсы (треки)...
[2025-10-19 17:23:52] NavigationEngine :: INFO :: USER[test-user] ACTION: '< Назад' (id=unknown)
[2025-10-19 17:23:52] NavigationEngine :: INFO :: USER[test-user] VIEW[main]: Вы находитесь в главном меню...
[2025-10-19 17:23:53] NavigationEngine :: INFO :: USER[test-user] ACTION: 'Мои треки' (id=unknown)
[2025-10-19 17:23:53] NavigationEngine :: INFO :: USER[test-user] VIEW[tracks]: Ваши курсы (треки)...
[2025-10-19 17:23:54] NavigationEngine :: INFO :: USER[test-user] ACTION: '< Назад' (id=unknown)
[2025-10-19 17:23:54] NavigationEngine :: INFO :: USER[test-user] VIEW[main]: Вы находитесь в главном меню...
[2025-10-19 17:23:56] NavigationEngine :: INFO :: USER[test-user] ACTION: 'Поставить отметки' (id=unknown)
[2025-10-19 17:23:56] NavigationEngine :: INFO :: USER[test-user] VIEW[quick_grade]: Быстрый выбор: для кого ставим отметку?...
[2025-10-19 17:23:56] NavigationEngine :: INFO :: USER[test-user] ACTION: 'Иванов Иван' (id=unknown)
[2025-10-19 17:23:56] NavigationEngine :: INFO :: USER[test-user] VIEW[select_metric]: Выберите метрику для Иванов Иван...
[2025-10-19 17:23:57] NavigationEngine :: INFO :: USER[test-user] ACTION: 'Креативность' (id=unknown)
[2025-10-19 17:23:57] NavigationEngine :: INFO :: USER[test-user] VIEW[confirm_mark]: Подтвердите: отметить Иванов Иван по метрике «Креативность»?...
[2025-10-19 17:23:59] NavigationEngine :: INFO :: USER[test-user] ACTION: 'Да' (id=unknown)
[2025-10-19 17:23:59] NavigationEngine :: INFO :: USER[test-user] VIEW[quick_grade]: Быстрый выбор: для кого ставим отметку?...
[2025-10-19 17:24:04] NavigationEngine :: INFO :: USER[test-user] ACTION: '< Назад' (id=unknown)
[2025-10-19 17:24:04] NavigationEngine :: INFO :: USER[test-user] VIEW[main]: Вы находитесь в главном меню...
[2025-10-19 17:24:06] NavigationEngine :: INFO :: USER[test-user] ACTION: 'Мои предпочтения...' (id=unknown)
[2025-10-19 17:24:06] NavigationEngine :: ERROR :: Целевой экран не найден: prefs
[2025-10-19 17:24:06] NavigationEngine :: INFO :: USER[test-user] VIEW[main]: Вы находитесь в главном меню...
[2025-10-19 17:24:07] NavigationEngine :: INFO :: USER[test-user] ACTION: 'Мои предпочтения...' (id=unknown)
[2025-10-19 17:24:07] NavigationEngine :: ERROR :: Целевой экран не найден: prefs
[2025-10-19 17:24:07] NavigationEngine :: INFO :: USER[test-user] VIEW[main]: Вы находитесь в главном меню...
[2025-10-19 17:24:08] NavigationEngine :: INFO :: USER[test-user] ACTION: 'Разговорный режим' (id=unknown)
[2025-10-19 17:24:18] NavigationEngine :: INFO :: USER[test-user] VIEW[main]: Инициализация...
[2025-10-19 17:24:18] NavigationEngine :: INFO :: USER[test-user] VIEW[main]: Вы находитесь в главном меню...
[2025-10-19 17:24:20] NavigationEngine :: INFO :: USER[test-user] ACTION: 'Тест: Алфавит' (id=unknown)
[2025-10-19 17:24:20] NavigationEngine :: INFO :: USER[test-user] VIEW[alphabet]: Выберите букву фамилии студента...
[2025-10-19 17:24:21] NavigationEngine :: INFO :: USER[test-user] ACTION: 'G' (id=unknown)
[2025-10-19 17:24:21] NavigationEngine :: ERROR :: Целевой экран не найден: item_selected
[2025-10-19 17:24:21] NavigationEngine :: INFO :: USER[test-user] VIEW[alphabet]: Выберите букву фамилии студента...
[2025-10-19 17:24:22] NavigationEngine :: INFO :: USER[test-user] ACTION: 'G' (id=unknown)
[2025-10-19 17:24:22] NavigationEngine :: ERROR :: Целевой экран не найден: item_selected
[2025-10-19 17:24:22] NavigationEngine :: INFO :: USER[test-user] VIEW[alphabet]: Выберите букву фамилии студента...
[2025-10-19 17:24:23] NavigationEngine :: INFO :: USER[test-user] ACTION: 'H' (id=unknown)
[2025-10-19 17:24:23] NavigationEngine :: ERROR :: Целевой экран не найден: item_selected
[2025-10-19 17:24:23] NavigationEngine :: INFO :: USER[test-user] VIEW[alphabet]: Выберите букву фамилии студента...
[2025-10-19 17:24:24] NavigationEngine :: INFO :: USER[test-user] ACTION: '>>' (id=unknown)
[2025-10-19 17:24:24] NavigationEngine :: INFO :: USER[test-user] VIEW[alphabet]: Выберите букву фамилии студента...
[2025-10-19 17:24:26] NavigationEngine :: INFO :: USER[test-user] ACTION: 'P' (id=unknown)
[2025-10-19 17:24:26] NavigationEngine :: ERROR :: Целевой экран не найден: item_selected
[2025-10-19 17:24:26] NavigationEngine :: INFO :: USER[test-user] VIEW[alphabet]: Выберите букву фамилии студента...
[2025-10-19 17:24:27] NavigationEngine :: INFO :: USER[test-user] ACTION: '< Назад' (id=unknown)
[2025-10-19 17:24:27] NavigationEngine :: INFO :: USER[test-user] VIEW[main]: Вы находитесь в главном меню...
[2025-10-19 17:24:29] NavigationEngine :: INFO :: USER[test-user] ACTION: 'Поставить отметки' (id=unknown)
[2025-10-19 17:24:29] NavigationEngine :: INFO :: USER[test-user] VIEW[quick_grade]: Быстрый выбор: для кого ставим отметку?...
[2025-10-19 17:24:31] NavigationEngine :: INFO :: USER[test-user] ACTION: '< Назад' (id=unknown)
[2025-10-19 17:24:31] NavigationEngine :: INFO :: USER[test-user] VIEW[main]: Вы находитесь в главном меню...
[2025-10-19 17:24:32] NavigationEngine :: INFO :: USER[test-user] ACTION: 'Ближайшие встречи' (id=unknown)
[2025-10-19 17:24:32] NavigationEngine :: ERROR :: Целевой экран не найден: meetings
[2025-10-19 17:24:32] NavigationEngine :: INFO :: USER[test-user] VIEW[main]: Вы находитесь в главном меню...
[2025-10-19 17:24:33] NavigationEngine :: INFO :: USER[test-user] ACTION: 'Ближайшие встречи' (id=unknown)
[2025-10-19 17:24:33] NavigationEngine :: ERROR :: Целевой экран не найден: meetings
[2025-10-19 17:24:33] NavigationEngine :: INFO :: USER[test-user] VIEW[main]: Вы находитесь в главном меню...
[2025-10-19 17:25:10] NavigationEngine :: INFO :: USER[test-user] VIEW[main]: Инициализация...
[2025-10-19 17:25:10] NavigationEngine :: INFO :: USER[test-user] VIEW[main]: Вы находитесь в главном меню...
[2025-10-19 17:25:14] NavigationEngine :: INFO :: USER[test-user] ACTION: 'Поставить отметки' (id=unknown)
[2025-10-19 17:25:14] NavigationEngine :: INFO :: USER[test-user] VIEW[quick_grade]: Быстрый выбор: для кого ставим отметку?...
[2025-10-19 17:25:15] NavigationEngine :: INFO :: USER[test-user] ACTION: 'Иванов Иван' (id=unknown)
[2025-10-19 17:25:15] NavigationEngine :: INFO :: USER[test-user] VIEW[select_metric]: Выберите метрику для Иванов Иван...
[2025-10-19 17:26:22] NavigationEngine :: INFO :: USER[test-user] ACTION: 'Креативность' (id=unknown)
[2025-10-19 17:26:22] NavigationEngine :: INFO :: USER[test-user] VIEW[confirm_mark]: Подтвердите: отметить Иванов Иван по метрике «Креативность»?...
[2025-10-19 17:26:35] NavigationEngine :: INFO :: USER[test-user] ACTION: 'Нет' (id=unknown)
[2025-10-19 17:26:35] NavigationEngine :: INFO :: USER[test-user] VIEW[select_metric]: Выберите метрику для Иванов Иван...
[2025-10-19 17:26:37] NavigationEngine :: INFO :: USER[test-user] ACTION: 'Креативность' (id=unknown)
[2025-10-19 17:26:37] NavigationEngine :: INFO :: USER[test-user] VIEW[confirm_mark]: Подтвердите: отметить Иванов Иван по метрике «Креативность»?...
[2025-10-19 17:26:51] NavigationEngine :: INFO :: USER[test-user] ACTION: '< Назад' (id=unknown)
[2025-10-19 17:26:51] NavigationEngine :: INFO :: USER[test-user] VIEW[select_metric]: Выберите метрику для Иванов Иван...
[2025-10-19 17:26:54] NavigationEngine :: INFO :: USER[test-user] ACTION: 'Креативность' (id=unknown)
[2025-10-19 17:26:54] NavigationEngine :: INFO :: USER[test-user] VIEW[confirm_mark]: Подтвердите: отметить Иванов Иван по метрике «Креативность»?...
[2025-10-19 17:26:55] NavigationEngine :: INFO :: USER[test-user] ACTION: 'Да' (id=unknown)
[2025-10-19 17:26:55] NavigationEngine :: INFO :: USER[test-user] VIEW[confirm_mark]: Подтвердите: отметить Иванов Иван по метрике «Креативность»?...
[2025-10-19 17:26:56] NavigationEngine :: INFO :: USER[test-user] ACTION: 'Да' (id=unknown)
[2025-10-19 17:26:56] NavigationEngine :: INFO :: USER[test-user] VIEW[quick_grade]: Быстрый выбор: для кого ставим отметку?...
[2025-10-19 17:27:45] NavigationEngine :: INFO :: USER[test-user] ACTION: '< Назад' (id=unknown)
[2025-10-19 17:27:45] NavigationEngine :: INFO :: USER[test-user] VIEW[main]: Вы находитесь в главном меню...
[2025-10-19 20:19:25] NavigationEngine :: INFO :: USER[test-user] VIEW[main]: Инициализация...
[2025-10-19 20:19:25] NavigationEngine :: INFO :: USER[test-user] VIEW[main]: Вы находитесь в главном меню...
[2025-10-19 20:19:28] NavigationEngine :: INFO :: USER[test-user] ACTION: 'Поставить отметки' (id=unknown)
[2025-10-19 20:19:28] NavigationEngine :: INFO :: USER[test-user] VIEW[quick_grade]: Быстрый выбор: для кого ставим отметку?...
[2025-10-19 20:19:29] NavigationEngine :: INFO :: USER[test-user] ACTION: 'Иванов Иван' (id=unknown)
[2025-10-19 20:19:29] NavigationEngine :: INFO :: USER[test-user] VIEW[select_metric]: Выберите метрику для Иванов Иван...
[2025-10-19 20:19:31] NavigationEngine :: INFO :: USER[test-user] ACTION: 'Результат' (id=unknown)
[2025-10-19 20:19:31] NavigationEngine :: INFO :: USER[test-user] VIEW[confirm_mark]: Подтвердите: отметить Иванов Иван по метрике «Результат»?...
[2025-10-19 20:19:32] NavigationEngine :: INFO :: USER[test-user] ACTION: 'Да' (id=unknown)
[2025-10-19 20:19:32] NavigationEngine :: INFO :: USER[test-user] VIEW[select_metric]: Выберите метрику для Иванов Иван...
[2025-10-19 20:19:34] NavigationEngine :: INFO :: USER[test-user] ACTION: 'Дисциплина' (id=unknown)
[2025-10-19 20:19:34] NavigationEngine :: INFO :: USER[test-user] VIEW[confirm_mark]: Подтвердите: отметить Иванов Иван по метрике «Дисциплина»?...
[2025-10-19 20:19:36] NavigationEngine :: INFO :: USER[test-user] ACTION: 'Да' (id=unknown)
[2025-10-19 20:19:36] NavigationEngine :: INFO :: USER[test-user] VIEW[select_metric]: Выберите метрику для Иванов Иван...
[2025-10-19 20:19:37] NavigationEngine :: INFO :: USER[test-user] ACTION: 'Лидерство' (id=unknown)
[2025-10-19 20:19:37] NavigationEngine :: INFO :: USER[test-user] VIEW[confirm_mark]: Подтвердите: отметить Иванов Иван по метрике «Лидерство»?...
[2025-10-19 20:19:39] NavigationEngine :: INFO :: USER[test-user] ACTION: 'Да' (id=unknown)
[2025-10-19 20:19:39] NavigationEngine :: INFO :: USER[test-user] VIEW[select_metric]: Выберите метрику для Иванов Иван...
[2025-10-19 20:19:41] NavigationEngine :: INFO :: USER[test-user] ACTION: 'Точность' (id=unknown)
[2025-10-19 20:19:41] NavigationEngine :: INFO :: USER[test-user] VIEW[confirm_mark]: Подтвердите: отметить Иванов Иван по метрике «Точность»?...
[2025-10-19 20:19:42] NavigationEngine :: INFO :: USER[test-user] ACTION: 'Да' (id=unknown)
[2025-10-19 20:19:42] NavigationEngine :: INFO :: USER[test-user] VIEW[select_metric]: Выберите метрику для Иванов Иван...
[2025-10-19 20:19:57] NavigationEngine :: INFO :: USER[test-user] ACTION: 'Креативность' (id=unknown)
[2025-10-19 20:19:57] NavigationEngine :: INFO :: USER[test-user] VIEW[confirm_mark]: Подтвердите: отметить Иванов Иван по метрике «Креативность»?...
[2025-10-19 20:19:58] NavigationEngine :: INFO :: USER[test-user] ACTION: '< Назад' (id=unknown)
[2025-10-19 20:19:58] NavigationEngine :: INFO :: USER[test-user] VIEW[select_metric]: Выберите метрику для Иванов Иван...
[2025-10-19 20:24:13] NavigationEngine :: INFO :: USER[test-user] VIEW[main]: Инициализация...
[2025-10-19 20:24:13] NavigationEngine :: INFO :: USER[test-user] VIEW[main]: Вы находитесь в главном меню...
[2025-10-19 20:24:15] NavigationEngine :: INFO :: USER[test-user] ACTION: 'Поставить отметки' (id=unknown)
[2025-10-19 20:24:15] NavigationEngine :: INFO :: USER[test-user] VIEW[quick_grade]: Быстрый выбор: для кого ставим отметку?...
[2025-10-19 20:24:16] NavigationEngine :: INFO :: USER[test-user] ACTION: '< Назад' (id=unknown)
[2025-10-19 20:24:16] NavigationEngine :: INFO :: USER[test-user] VIEW[main]: Вы находитесь в главном меню...
[2025-10-19 20:24:18] NavigationEngine :: INFO :: USER[test-user] ACTION: 'Разговорный режим' (id=unknown)
[2025-10-19 20:24:27] NavigationEngine :: INFO :: USER[test-user] VIEW[main]: Инициализация...
[2025-10-19 20:24:27] NavigationEngine :: INFO :: USER[test-user] VIEW[main]: Вы находитесь в главном меню...
[2025-10-19 20:24:30] NavigationEngine :: INFO :: USER[test-user] ACTION: 'Поставить отметки' (id=unknown)
[2025-10-19 20:24:30] NavigationEngine :: INFO :: USER[test-user] VIEW[quick_grade]: Быстрый выбор: для кого ставим отметку?...
[2025-10-19 20:24:31] NavigationEngine :: INFO :: USER[test-user] ACTION: '< Назад' (id=unknown)
[2025-10-19 20:24:31] NavigationEngine :: INFO :: USER[test-user] VIEW[main]: Вы находитесь в главном меню...
[2025-10-19 20:24:34] NavigationEngine :: INFO :: USER[test-user] ACTION: 'Разговорный режим' (id=unknown)
[2025-10-19 21:07:21] NavigationEngine :: INFO :: USER[test-user] VIEW[main]: Инициализация...
[2025-10-19 21:07:21] NavigationEngine :: INFO :: USER[test-user] VIEW[main]: Вы находитесь в главном меню...
[2025-10-19 21:07:25] NavigationEngine :: INFO :: USER[test-user] ACTION: 'Поставить отметки' (id=unknown)
[2025-10-19 21:07:42] NavigationEngine :: INFO :: USER[test-user] VIEW[main]: Инициализация...
[2025-10-19 21:07:42] NavigationEngine :: INFO :: USER[test-user] VIEW[main]: Вы находитесь в главном меню...
[2025-10-19 21:07:44] NavigationEngine :: INFO :: USER[test-user] ACTION: 'Поставить отметки' (id=unknown)
[2025-10-19 23:11:54] NavigationEngine :: INFO :: USER[test-user] VIEW[main]: Инициализация...
[2025-10-19 23:11:54] NavigationEngine :: INFO :: USER[test-user] VIEW[main]: Вы находитесь в главном меню...
[2025-10-19 23:11:57] NavigationEngine :: INFO :: USER[test-user] ACTION: 'Поставить отметки' (id=unknown)
[2025-10-19 23:11:57] NavigationEngine :: INFO :: USER[test-user] VIEW[quick_grade]: Быстрый выбор: для кого ставим отметку?...
[2025-10-19 23:11:58] NavigationEngine :: INFO :: USER[test-user] ACTION: 'Иванов Иван' (id=unknown)
[2025-10-19 23:11:58] NavigationEngine :: INFO :: USER[test-user] VIEW[select_metric]: Выберите метрику для Иванов Иван...
[2025-10-19 23:12:02] NavigationEngine :: INFO :: USER[test-user] ACTION: 'Адаптивность' (id=unknown)
[2025-10-19 23:12:02] NavigationEngine :: INFO :: USER[test-user] VIEW[confirm_mark]: Подтвердите: отметить Иванов Иван по метрике «Адаптивность»?...
[2025-10-19 23:12:03] NavigationEngine :: INFO :: USER[test-user] ACTION: 'Да' (id=unknown)
[2025-10-19 23:12:03] NavigationEngine :: INFO :: USER[test-user] VIEW[select_metric]: Выберите метрику для Иванов Иван...
[2025-10-19 23:12:05] NavigationEngine :: INFO :: USER[test-user] ACTION: 'Дисциплина' (id=unknown)
[2025-10-19 23:12:05] NavigationEngine :: INFO :: USER[test-user] VIEW[confirm_mark]: Подтвердите: отметить Иванов Иван по метрике «Дисциплина»?...
[2025-10-19 23:12:06] NavigationEngine :: INFO :: USER[test-user] ACTION: 'Да' (id=unknown)
[2025-10-19 23:12:06] NavigationEngine :: INFO :: USER[test-user] VIEW[select_metric]: Выберите метрику для Иванов Иван...
[2025-10-19 23:12:07] NavigationEngine :: INFO :: USER[test-user] ACTION: 'Лидерство' (id=unknown)
[2025-10-19 23:12:07] NavigationEngine :: INFO :: USER[test-user] VIEW[confirm_mark]: Подтвердите: отметить Иванов Иван по метрике «Лидерство»?...
[2025-10-19 23:12:08] NavigationEngine :: INFO :: USER[test-user] ACTION: '< Назад' (id=unknown)
[2025-10-19 23:12:08] NavigationEngine :: INFO :: USER[test-user] VIEW[select_metric]: Выберите метрику для Иванов Иван...
[2025-10-19 23:32:17] NavigationEngine :: INFO :: USER[test-user] VIEW[main]: Инициализация...
[2025-10-19 23:32:17] NavigationEngine :: INFO :: USER[test-user] VIEW[main]: Вы находитесь в главном меню...
[2025-10-19 23:32:21] NavigationEngine :: INFO :: USER[test-user] ACTION: 'Разговорный режим' (id=unknown)
[2025-10-19 23:32:21] NavigationEngine :: INFO :: USER[test-user] VIEW[chat_mode]: Вы вошли в разговорный режим. Задайте вопрос или опишите сит...
[2025-10-19 23:32:28] NavigationEngine :: INFO :: USER[test-user] VIEW[main]: Инициализация...
[2025-10-19 23:32:28] NavigationEngine :: INFO :: USER[test-user] VIEW[main]: Вы находитесь в главном меню...
[2025-10-19 23:32:33] NavigationEngine :: INFO :: USER[test-user] ACTION: 'Поставить отметки' (id=unknown)
[2025-10-19 23:32:33] NavigationEngine :: INFO :: USER[test-user] VIEW[quick_grade]: Быстрый выбор: для кого ставим отметку?...
[2025-10-19 23:32:35] NavigationEngine :: INFO :: USER[test-user] ACTION: 'Иванов Иван' (id=unknown)
[2025-10-19 23:32:35] NavigationEngine :: INFO :: USER[test-user] VIEW[select_metric]: Выберите метрику для Иванов Иван...
[2025-10-19 23:32:40] NavigationEngine :: INFO :: USER[test-user] ACTION: '< Назад' (id=unknown)
[2025-10-19 23:32:40] NavigationEngine :: INFO :: USER[test-user] VIEW[quick_grade]: Быстрый выбор: для кого ставим отметку?...
[2025-10-19 23:32:41] NavigationEngine :: INFO :: USER[test-user] ACTION: 'Сидоров Сидор' (id=unknown)
[2025-10-19 23:32:41] NavigationEngine :: INFO :: USER[test-user] VIEW[select_metric]: Выберите метрику для Сидоров Сидор...
[2025-10-19 23:32:43] NavigationEngine :: INFO :: USER[test-user] ACTION: '< Назад' (id=unknown)
[2025-10-19 23:32:43] NavigationEngine :: INFO :: USER[test-user] VIEW[quick_grade]: Быстрый выбор: для кого ставим отметку?...
[2025-10-19 23:32:44] NavigationEngine :: INFO :: USER[test-user] ACTION: 'Иванов Иван' (id=unknown)
[2025-10-19 23:32:44] NavigationEngine :: INFO :: USER[test-user] VIEW[select_metric]: Выберите метрику для Иванов Иван...
[2025-10-19 23:32:46] NavigationEngine :: INFO :: USER[test-user] ACTION: 'Решение проблем' (id=unknown)
[2025-10-19 23:32:46] NavigationEngine :: INFO :: USER[test-user] VIEW[confirm_mark]: Подтвердите: отметить Иванов Иван по метрике «Решение пробле...
[2025-10-19 23:32:48] NavigationEngine :: INFO :: USER[test-user] ACTION: '< Назад' (id=unknown)
[2025-10-19 23:32:48] NavigationEngine :: INFO :: USER[test-user] VIEW[select_metric]: Выберите метрику для Иванов Иван...
[2025-10-19 23:32:49] NavigationEngine :: INFO :: USER[test-user] ACTION: '< Назад' (id=unknown)
[2025-10-19 23:32:49] NavigationEngine :: INFO :: USER[test-user] VIEW[quick_grade]: Быстрый выбор: для кого ставим отметку?...
[2025-10-19 23:32:50] NavigationEngine :: INFO :: USER[test-user] ACTION: '< Назад' (id=unknown)
[2025-10-19 23:32:50] NavigationEngine :: INFO :: USER[test-user] VIEW[main]: Вы находитесь в главном меню...
[2025-10-19 23:32:52] NavigationEngine :: INFO :: USER[test-user] ACTION: 'Помощь от ИИ' (id=unknown)
[2025-10-19 23:32:52] NavigationEngine :: INFO :: USER[test-user] VIEW[ai_help]: Опишите, в чём вам нужна помощь (например: «Как мотивировать...
[2025-10-20 05:24:04] NavigationEngine :: INFO :: USER[test-user] VIEW[main]: Инициализация...
[2025-10-20 05:24:04] NavigationEngine :: INFO :: USER[test-user] VIEW[main]: Вы находитесь в главном меню...
[2025-10-20 05:24:28] NavigationEngine :: INFO :: USER[test-user] VIEW[main]: Инициализация...
[2025-10-20 05:24:28] NavigationEngine :: INFO :: USER[test-user] VIEW[main]: Вы находитесь в главном меню...
[2025-10-20 05:26:37] NavigationEngine :: INFO :: USER[test-user] VIEW[main]: Инициализация...
[2025-10-20 05:26:38] NavigationEngine :: INFO :: USER[test-user] VIEW[main]: Вы находитесь в главном меню...
[2025-10-20 05:27:44] NavigationEngine :: INFO :: USER[test-user] VIEW[main]: Инициализация...
[2025-10-20 05:27:44] NavigationEngine :: INFO :: USER[test-user] VIEW[main]: Вы находитесь в главном меню...
[2025-10-20 05:27:46] NavigationEngine :: INFO :: USER[test-user] ACTION: 'Разговорный режим' (id=unknown)
[2025-10-20 05:27:46] NavigationEngine :: INFO :: USER[test-user] VIEW[chat_mode]: Вы вошли в разговорный режим. Задайте вопрос или опишите сит...
[2025-10-20 05:27:51] NavigationEngine :: INFO :: USER[test-user] ACTION: '«Привет!»' (id=user_input)
[2025-10-20 05:27:51] NavigationEngine :: INFO :: USER[test-user] AI_RESPONSE: Имитация ответа AI на: Привет!
[2025-10-20 05:27:51] NavigationEngine :: INFO :: USER[test-user] VIEW[chat_mode]: Вы вошли в разговорный режим. Задайте вопрос или опишите сит...
[2025-10-20 05:42:16] NavigationEngine :: INFO :: USER[test-user] VIEW[main]: Инициализация...
[2025-10-20 05:42:16] NavigationEngine :: INFO :: USER[test-user] VIEW[main]: Вы находитесь в главном меню...
[2025-10-20 05:42:18] NavigationEngine :: INFO :: USER[test-user] ACTION: 'Разговорный режим' (id=unknown)
[2025-10-20 05:42:18] NavigationEngine :: INFO :: USER[test-user] VIEW[chat_mode]: Вы вошли в разговорный режим. Задайте вопрос или опишите сит...
[2025-10-20 05:42:20] NavigationEngine :: INFO :: USER[test-user] ACTION: '«123123»' (id=user_input)
[2025-10-20 05:42:20] NavigationEngine :: INFO :: USER[test-user] AI_RESPONSE: Имитация ответа AI на: 123123
[2025-10-20 05:42:20] NavigationEngine :: INFO :: USER[test-user] VIEW[chat_mode]: Вы вошли в разговорный режим. Задайте вопрос или опишите сит...
[2025-10-20 05:42:21] NavigationEngine :: INFO :: USER[test-user] ACTION: '«1ё23123»' (id=user_input)
[2025-10-20 05:42:21] NavigationEngine :: INFO :: USER[test-user] AI_RESPONSE: Имитация ответа AI на: 1ё23123
[2025-10-20 05:42:21] NavigationEngine :: INFO :: USER[test-user] VIEW[chat_mode]: Вы вошли в разговорный режим. Задайте вопрос или опишите сит...
[2025-10-20 05:42:22] NavigationEngine :: INFO :: USER[test-user] ACTION: '«123123»' (id=user_input)
[2025-10-20 05:42:22] NavigationEngine :: INFO :: USER[test-user] AI_RESPONSE: Имитация ответа AI на: 123123
[2025-10-20 05:42:22] NavigationEngine :: INFO :: USER[test-user] VIEW[chat_mode]: Вы вошли в разговорный режим. Задайте вопрос или опишите сит...
[2025-10-20 05:42:25] NavigationEngine :: INFO :: USER[test-user] ACTION: '«/finish»' (id=user_input)
[2025-10-20 05:42:25] NavigationEngine :: INFO :: USER[test-user] VIEW[main]: Вы находитесь в главном меню...
[2025-10-20 05:42:30] NavigationEngine :: INFO :: USER[test-user] ACTION: 'Помощь от ИИ' (id=unknown)
[2025-10-20 05:42:30] NavigationEngine :: INFO :: USER[test-user] VIEW[ai_help]: Опишите, в чём вам нужна помощь (например: «Как мотивировать...
[2025-10-20 05:42:33] NavigationEngine :: INFO :: USER[test-user] ACTION: '«123»' (id=user_input)
[2025-10-20 05:42:33] NavigationEngine :: INFO :: USER[test-user] AI_RESPONSE: Имитация ответа AI на: 123
[2025-10-20 05:42:33] NavigationEngine :: INFO :: USER[test-user] VIEW[ai_help]: Опишите, в чём вам нужна помощь (например: «Как мотивировать...
[2025-10-20 05:42:34] NavigationEngine :: INFO :: USER[test-user] ACTION: '«123»' (id=user_input)
[2025-10-20 05:42:34] NavigationEngine :: INFO :: USER[test-user] AI_RESPONSE: Имитация ответа AI на: 123
[2025-10-20 05:42:34] NavigationEngine :: INFO :: USER[test-user] VIEW[ai_help]: Опишите, в чём вам нужна помощь (например: «Как мотивировать...
[2025-10-20 05:42:35] NavigationEngine :: INFO :: USER[test-user] ACTION: '«exit»' (id=user_input)
[2025-10-20 05:42:35] NavigationEngine :: INFO :: USER[test-user] AI_RESPONSE: Имитация ответа AI на: exit
[2025-10-20 05:42:35] NavigationEngine :: INFO :: USER[test-user] VIEW[ai_help]: Опишите, в чём вам нужна помощь (например: «Как мотивировать...
[2025-10-20 05:42:37] NavigationEngine :: INFO :: USER[test-user] ACTION: '«/exit»' (id=user_input)
[2025-10-20 05:42:37] NavigationEngine :: INFO :: USER[test-user] AI_RESPONSE: Имитация ответа AI на: /exit
[2025-10-20 05:42:37] NavigationEngine :: INFO :: USER[test-user] VIEW[ai_help]: Опишите, в чём вам нужна помощь (например: «Как мотивировать...
[2025-10-20 05:42:39] NavigationEngine :: INFO :: USER[test-user] ACTION: '«/finish»' (id=user_input)
[2025-10-20 05:42:39] NavigationEngine :: INFO :: USER[test-user] VIEW[main]: Вы находитесь в главном меню...
[2025-10-20 05:42:41] NavigationEngine :: INFO :: USER[test-user] ACTION: 'Тест: Алфавит' (id=unknown)
[2025-10-20 05:42:41] NavigationEngine :: INFO :: USER[test-user] VIEW[alphabet]: Выберите букву фамилии студента...
[2025-10-20 05:42:43] NavigationEngine :: INFO :: USER[test-user] ACTION: '< Назад' (id=unknown)
[2025-10-20 05:42:43] NavigationEngine :: INFO :: USER[test-user] VIEW[main]: Вы находитесь в главном меню...
[2025-10-20 05:42:44] NavigationEngine :: INFO :: USER[test-user] ACTION: 'Тест: Алфавит' (id=unknown)
[2025-10-20 05:42:44] NavigationEngine :: INFO :: USER[test-user] VIEW[alphabet]: Выберите букву фамилии студента...
[2025-10-20 05:42:45] NavigationEngine :: INFO :: USER[test-user] ACTION: 'D' (id=unknown)
[2025-10-20 05:42:45] NavigationEngine :: ERROR :: Целевой экран не найден: item_selected
[2025-10-20 05:42:45] NavigationEngine :: INFO :: USER[test-user] VIEW[alphabet]: Выберите букву фамилии студента...
[2025-10-20 05:42:46] NavigationEngine :: INFO :: USER[test-user] ACTION: 'D' (id=unknown)
[2025-10-20 05:42:46] NavigationEngine :: ERROR :: Целевой экран не найден: item_selected
[2025-10-20 05:42:46] NavigationEngine :: INFO :: USER[test-user] VIEW[alphabet]: Выберите букву фамилии студента...
[2025-10-20 05:42:48] NavigationEngine :: INFO :: USER[test-user] ACTION: 'F' (id=unknown)
[2025-10-20 05:42:48] NavigationEngine :: ERROR :: Целевой экран не найден: item_selected
[2025-10-20 05:42:48] NavigationEngine :: INFO :: USER[test-user] VIEW[alphabet]: Выберите букву фамилии студента...
[2025-10-20 05:42:49] NavigationEngine :: INFO :: USER[test-user] ACTION: '< Назад' (id=unknown)
[2025-10-20 05:42:49] NavigationEngine :: INFO :: USER[test-user] VIEW[main]: Вы находитесь в главном меню...
[2025-10-20 05:42:52] NavigationEngine :: INFO :: USER[test-user] ACTION: 'Мои треки' (id=unknown)
[2025-10-20 05:42:52] NavigationEngine :: INFO :: USER[test-user] VIEW[tracks]: Ваши курсы (треки)...
[2025-10-20 05:42:53] NavigationEngine :: INFO :: USER[test-user] ACTION: 'Геймдизайн' (id=unknown)
[2025-10-20 05:42:53] NavigationEngine :: INFO :: USER[test-user] VIEW[track_detail]: Трек: Геймдизайн...
[2025-10-20 05:42:54] NavigationEngine :: INFO :: USER[test-user] ACTION: 'Настройка' (id=unknown)
[2025-10-20 05:42:54] NavigationEngine :: INFO :: USER[test-user] VIEW[track_settings]: Настройки трека «Геймдизайн»...
[2025-10-20 05:42:56] NavigationEngine :: INFO :: USER[test-user] ACTION: 'Изменить название' (id=unknown)
[2025-10-20 05:42:56] NavigationEngine :: ERROR :: Неизвестное действие: edit_name
[2025-10-20 05:42:56] NavigationEngine :: INFO :: USER[test-user] VIEW[track_settings]: Настройки трека «Геймдизайн»...
[2025-10-20 05:42:57] NavigationEngine :: INFO :: USER[test-user] ACTION: 'Изменить название' (id=unknown)
[2025-10-20 05:42:57] NavigationEngine :: ERROR :: Неизвестное действие: edit_name
[2025-10-20 05:42:57] NavigationEngine :: INFO :: USER[test-user] VIEW[track_settings]: Настройки трека «Геймдизайн»...
[2025-10-20 05:42:58] NavigationEngine :: INFO :: USER[test-user] ACTION: '< Назад' (id=unknown)
[2025-10-20 05:42:58] NavigationEngine :: INFO :: USER[test-user] VIEW[track_detail]: Трек: Геймдизайн...
[2025-10-20 05:42:58] NavigationEngine :: INFO :: USER[test-user] ACTION: '< Назад' (id=unknown)
[2025-10-20 05:42:58] NavigationEngine :: INFO :: USER[test-user] VIEW[tracks]: Ваши курсы (треки)...
[2025-10-20 05:42:59] NavigationEngine :: INFO :: USER[test-user] ACTION: '< Назад' (id=unknown)
[2025-10-20 05:42:59] NavigationEngine :: INFO :: USER[test-user] VIEW[main]: Вы находитесь в главном меню...
[2025-10-20 05:43:01] NavigationEngine :: INFO :: USER[test-user] ACTION: 'Мои треки' (id=unknown)
[2025-10-20 05:43:01] NavigationEngine :: INFO :: USER[test-user] VIEW[tracks]: Ваши курсы (треки)...
[2025-10-20 05:43:07] NavigationEngine :: INFO :: USER[test-user] ACTION: '< Назад' (id=unknown)
[2025-10-20 05:43:07] NavigationEngine :: INFO :: USER[test-user] VIEW[main]: Вы находитесь в главном меню...
[2025-10-20 06:11:16] NavigationEngine :: INFO :: USER[test_user_1] VIEW[main]: Инициализация...
[2025-10-20 06:11:16] NavigationEngine :: INFO :: USER[test_user_1] VIEW[main]: Вы находитесь в главном меню...
[2025-10-20 06:11:16] NavigationEngine :: INFO :: USER[test_user_1] ACTION: 'Мои треки' (id=unknown)
[2025-10-20 06:11:16] NavigationEngine :: INFO :: USER[test_user_1] VIEW[tracks]: Ваши курсы (треки)...
[2025-10-20 06:11:16] NavigationEngine :: INFO :: USER[test_user_1] ACTION: 'Геймдизайн' (id=unknown)
[2025-10-20 06:11:16] NavigationEngine :: INFO :: USER[test_user_1] VIEW[track_detail]: Трек: Геймдизайн...
[2025-10-20 06:11:16] NavigationEngine :: INFO :: USER[test_user_2] VIEW[main]: Инициализация...
[2025-10-20 06:11:16] NavigationEngine :: INFO :: USER[test_user_2] VIEW[main]: Вы находитесь в главном меню...
[2025-10-20 06:11:16] NavigationEngine :: INFO :: USER[test_user_2] ACTION: 'Поставить отметки' (id=unknown)
[2025-10-20 06:11:16] NavigationEngine :: INFO :: USER[test_user_2] VIEW[quick_grade]: Быстрый выбор: для кого ставим отметку?...
[2025-10-20 06:11:16] NavigationEngine :: INFO :: USER[test_user_2] ACTION: 'Иванов Иван' (id=unknown)
[2025-10-20 06:11:16] NavigationEngine :: INFO :: USER[test_user_2] VIEW[select_metric]: Выберите метрику для Иванов Иван...
[2025-10-20 06:11:16] NavigationEngine :: INFO :: USER[test_user_2] ACTION: '< Назад' (id=unknown)
[2025-10-20 06:11:16] NavigationEngine :: INFO :: USER[test_user_2] VIEW[quick_grade]: Быстрый выбор: для кого ставим отметку?...
[2025-10-20 06:11:16] NavigationEngine :: INFO :: USER[test_user_2] ACTION: 'Иванов Иван' (id=unknown)
[2025-10-20 06:11:16] NavigationEngine :: INFO :: USER[test_user_2] VIEW[select_metric]: Выберите метрику для Иванов Иван...
[2025-10-20 06:11:16] NavigationEngine :: INFO :: USER[test_user_2] ACTION: 'Креативность' (id=unknown)
[2025-10-20 06:11:16] NavigationEngine :: INFO :: USER[test_user_2] VIEW[confirm_mark]: Подтвердите: отметить Иванов Иван по метрике «Креативность»?...
[2025-10-20 06:11:16] NavigationEngine :: INFO :: USER[test_user_2] ACTION: 'Нет' (id=unknown)
[2025-10-20 06:11:16] NavigationEngine :: INFO :: USER[test_user_2] VIEW[select_metric]: Выберите метрику для Иванов Иван...
[2025-10-20 06:11:16] NavigationEngine :: INFO :: USER[test_user_3] VIEW[main]: Инициализация...
[2025-10-20 06:11:16] NavigationEngine :: INFO :: USER[test_user_3] VIEW[main]: Вы находитесь в главном меню...
[2025-10-20 06:11:16] NavigationEngine :: INFO :: USER[test_user_3] ACTION: 'Поставить отметки' (id=unknown)
[2025-10-20 06:11:16] NavigationEngine :: INFO :: USER[test_user_3] VIEW[quick_grade]: Быстрый выбор: для кого ставим отметку?...
[2025-10-20 06:11:16] NavigationEngine :: INFO :: USER[test_user_3] ACTION: 'Иванов Иван' (id=unknown)
[2025-10-20 06:11:16] NavigationEngine :: INFO :: USER[test_user_3] VIEW[select_metric]: Выберите метрику для Иванов Иван...
[2025-10-20 06:11:16] NavigationEngine :: INFO :: USER[test_user_3] ACTION: 'Креативность' (id=unknown)
[2025-10-20 06:11:16] NavigationEngine :: INFO :: USER[test_user_4] VIEW[main]: Инициализация...
[2025-10-20 06:11:16] NavigationEngine :: INFO :: USER[test_user_4] VIEW[main]: Вы находитесь в главном меню...
[2025-10-20 06:11:16] NavigationEngine :: INFO :: USER[test_user_4] ACTION: 'Разговорный режим' (id=unknown)
[2025-10-20 06:11:16] NavigationEngine :: INFO :: USER[test_user_4] VIEW[chat_mode]: Вы вошли в разговорный режим. Задайте вопрос или опишите сит...
[2025-10-20 06:11:16] NavigationEngine :: INFO :: USER[test_user_4] ACTION: '«Привет, это тестовое сообщение.»' (id=user_input)
[2025-10-20 06:11:16] NavigationEngine :: INFO :: USER[test_user_4] AI_RESPONSE: Имитация ответа AI на: Привет, это тестовое сообщение.
[2025-10-20 06:11:16] NavigationEngine :: INFO :: USER[test_user_4] VIEW[chat_mode]: Вы вошли в разговорный режим. Задайте вопрос или опишите сит...
[2025-10-20 06:11:16] NavigationEngine :: INFO :: USER[test_user_4] ACTION: '«/finish»' (id=user_input)
[2025-10-20 06:11:16] NavigationEngine :: INFO :: USER[test_user_4] VIEW[main]: Вы находитесь в главном меню...
[2025-10-20 06:11:16] NavigationEngine :: INFO :: USER[test_user_5] VIEW[main]: Инициализация...
[2025-10-20 06:11:16] NavigationEngine :: INFO :: USER[test_user_5] ACTION: 'Fake Button' (id=unknown)
[2025-10-20 06:11:16] NavigationEngine :: ERROR :: Целевой экран не найден: non_existent_screen
[2025-10-20 06:11:16] NavigationEngine :: INFO :: USER[test_user_5] VIEW[main]: Вы находитесь в главном меню...
[2025-10-20 06:29:59] NavigationEngine :: INFO :: USER[test_user_1] VIEW[main]: Инициализация...
[2025-10-20 06:29:59] NavigationEngine :: INFO :: USER[test_user_1] VIEW[main]: Вы находитесь в главном меню...
[2025-10-20 06:29:59] NavigationEngine :: INFO :: USER[test_user_1] ACTION: 'Мои треки' (id=unknown)
[2025-10-20 06:29:59] NavigationEngine :: INFO :: USER[test_user_1] VIEW[tracks]: Ваши курсы (треки)...
[2025-10-20 06:29:59] NavigationEngine :: INFO :: USER[test_user_1] ACTION: 'Геймдизайн' (id=unknown)
[2025-10-20 06:29:59] NavigationEngine :: INFO :: USER[test_user_1] VIEW[track_detail]: Трек: Геймдизайн...
[2025-10-20 06:29:59] NavigationEngine :: INFO :: USER[test_user_2] VIEW[main]: Инициализация...
[2025-10-20 06:29:59] NavigationEngine :: INFO :: USER[test_user_2] VIEW[main]: Вы находитесь в главном меню...
[2025-10-20 06:29:59] NavigationEngine :: INFO :: USER[test_user_2] ACTION: 'Поставить отметки' (id=unknown)
[2025-10-20 06:29:59] NavigationEngine :: INFO :: USER[test_user_2] VIEW[quick_grade]: Быстрый выбор: для кого ставим отметку?...
[2025-10-20 06:29:59] NavigationEngine :: INFO :: USER[test_user_2] ACTION: 'Иванов Иван' (id=unknown)
[2025-10-20 06:29:59] NavigationEngine :: INFO :: USER[test_user_2] VIEW[select_metric]: Выберите метрику для Иванов Иван...
[2025-10-20 06:29:59] NavigationEngine :: INFO :: USER[test_user_2] ACTION: '< Назад' (id=unknown)
[2025-10-20 06:29:59] NavigationEngine :: INFO :: USER[test_user_2] VIEW[quick_grade]: Быстрый выбор: для кого ставим отметку?...
[2025-10-20 06:29:59] NavigationEngine :: INFO :: USER[test_user_2] ACTION: 'Иванов Иван' (id=unknown)
[2025-10-20 06:29:59] NavigationEngine :: INFO :: USER[test_user_2] VIEW[select_metric]: Выберите метрику для Иванов Иван...
[2025-10-20 06:29:59] NavigationEngine :: INFO :: USER[test_user_2] ACTION: 'Креативность' (id=unknown)
[2025-10-20 06:29:59] NavigationEngine :: INFO :: USER[test_user_2] VIEW[confirm_mark]: Подтвердите: отметить Иванов Иван по метрике «Креативность»?...
[2025-10-20 06:29:59] NavigationEngine :: INFO :: USER[test_user_2] ACTION: 'Нет' (id=unknown)
[2025-10-20 06:29:59] NavigationEngine :: INFO :: USER[test_user_2] VIEW[select_metric]: Выберите метрику для Иванов Иван...
[2025-10-20 06:29:59] NavigationEngine :: INFO :: USER[test_user_3] VIEW[main]: Инициализация...
[2025-10-20 06:29:59] NavigationEngine :: INFO :: USER[test_user_3] VIEW[main]: Вы находитесь в главном меню...
[2025-10-20 06:29:59] NavigationEngine :: INFO :: USER[test_user_3] ACTION: 'Поставить отметки' (id=unknown)
[2025-10-20 06:29:59] NavigationEngine :: INFO :: USER[test_user_3] VIEW[quick_grade]: Быстрый выбор: для кого ставим отметку?...
[2025-10-20 06:29:59] NavigationEngine :: INFO :: USER[test_user_3] ACTION: 'Иванов Иван' (id=unknown)
[2025-10-20 06:29:59] NavigationEngine :: INFO :: USER[test_user_3] VIEW[select_metric]: Выберите метрику для Иванов Иван...
[2025-10-20 06:29:59] NavigationEngine :: INFO :: USER[test_user_3] ACTION: 'Креативность' (id=unknown)
[2025-10-20 06:29:59] NavigationEngine :: INFO :: USER[test_user_4] VIEW[main]: Инициализация...
[2025-10-20 06:29:59] NavigationEngine :: INFO :: USER[test_user_4] VIEW[main]: Вы находитесь в главном меню...
[2025-10-20 06:29:59] NavigationEngine :: INFO :: USER[test_user_4] ACTION: 'Разговорный режим' (id=unknown)
[2025-10-20 06:29:59] NavigationEngine :: INFO :: USER[test_user_4] VIEW[chat_mode]: Вы вошли в разговорный режим. Задайте вопрос или опишите сит...
[2025-10-20 06:29:59] NavigationEngine :: INFO :: USER[test_user_4] ACTION: '«Привет, это тестовое сообщение.»' (id=user_input)
[2025-10-20 06:29:59] NavigationEngine :: INFO :: USER[test_user_4] AI_RESPONSE: Имитация ответа AI на: Привет, это тестовое сообщение.
[2025-10-20 06:29:59] NavigationEngine :: INFO :: USER[test_user_4] VIEW[chat_mode]: Вы вошли в разговорный режим. Задайте вопрос или опишите сит...
[2025-10-20 06:29:59] NavigationEngine :: INFO :: USER[test_user_4] ACTION: '«/finish»' (id=user_input)
[2025-10-20 06:29:59] NavigationEngine :: INFO :: USER[test_user_4] VIEW[main]: Вы находитесь в главном меню...
[2025-10-20 06:29:59] NavigationEngine :: INFO :: USER[test_user_5] VIEW[main]: Инициализация...
[2025-10-20 06:29:59] NavigationEngine :: INFO :: USER[test_user_5] ACTION: 'Fake Button' (id=unknown)
[2025-10-20 06:29:59] NavigationEngine :: ERROR :: Целевой экран не найден: non_existent_screen
[2025-10-20 06:29:59] NavigationEngine :: INFO :: USER[test_user_5] VIEW[main]: Вы находитесь в главном меню...
[2025-10-20 06:39:46] NavigationEngine :: INFO :: USER[test_user_1] VIEW[main]: Инициализация...
[2025-10-20 06:39:46] NavigationEngine :: INFO :: USER[test_user_1] VIEW[main]: Вы находитесь в главном меню...
[2025-10-20 06:39:46] NavigationEngine :: INFO :: USER[test_user_1] ACTION: 'Мои треки' (id=unknown)
[2025-10-20 06:39:46] NavigationEngine :: INFO :: USER[test_user_1] VIEW[tracks]: Ваши курсы (треки)...
[2025-10-20 06:39:46] NavigationEngine :: INFO :: USER[test_user_1] ACTION: 'Геймдизайн' (id=unknown)
[2025-10-20 06:39:46] NavigationEngine :: INFO :: USER[test_user_1] VIEW[track_detail]: Трек: Геймдизайн...
[2025-10-20 06:39:46] NavigationEngine :: INFO :: USER[test_user_2] VIEW[main]: Инициализация...
[2025-10-20 06:39:46] NavigationEngine :: INFO :: USER[test_user_2] VIEW[main]: Вы находитесь в главном меню...
[2025-10-20 06:39:46] NavigationEngine :: INFO :: USER[test_user_2] ACTION: 'Поставить отметки' (id=unknown)
[2025-10-20 06:39:46] NavigationEngine :: INFO :: USER[test_user_2] VIEW[quick_grade]: Быстрый выбор: для кого ставим отметку?...
[2025-10-20 06:39:46] NavigationEngine :: INFO :: USER[test_user_2] ACTION: 'Иванов Иван' (id=unknown)
[2025-10-20 06:39:46] NavigationEngine :: INFO :: USER[test_user_2] VIEW[select_metric]: Выберите метрику для Иванов Иван...
[2025-10-20 06:39:46] NavigationEngine :: INFO :: USER[test_user_2] ACTION: '< Назад' (id=unknown)
[2025-10-20 06:39:46] NavigationEngine :: INFO :: USER[test_user_2] VIEW[quick_grade]: Быстрый выбор: для кого ставим отметку?...
[2025-10-20 06:39:46] NavigationEngine :: INFO :: USER[test_user_2] ACTION: 'Иванов Иван' (id=unknown)
[2025-10-20 06:39:46] NavigationEngine :: INFO :: USER[test_user_2] VIEW[select_metric]: Выберите метрику для Иванов Иван...
[2025-10-20 06:39:46] NavigationEngine :: INFO :: USER[test_user_2] ACTION: 'Креативность' (id=unknown)
[2025-10-20 06:39:46] NavigationEngine :: INFO :: USER[test_user_2] VIEW[confirm_mark]: Подтвердите: отметить Иванов Иван по метрике «Креативность»?...
[2025-10-20 06:39:46] NavigationEngine :: INFO :: USER[test_user_2] ACTION: 'Нет' (id=unknown)
[2025-10-20 06:39:46] NavigationEngine :: INFO :: USER[test_user_2] VIEW[select_metric]: Выберите метрику для Иванов Иван...
[2025-10-20 06:39:46] NavigationEngine :: INFO :: USER[test_user_3] VIEW[main]: Инициализация...
[2025-10-20 06:39:46] NavigationEngine :: INFO :: USER[test_user_3] VIEW[main]: Вы находитесь в главном меню...
[2025-10-20 06:39:46] NavigationEngine :: INFO :: USER[test_user_3] ACTION: 'Поставить отметки' (id=unknown)
[2025-10-20 06:39:46] NavigationEngine :: INFO :: USER[test_user_3] VIEW[quick_grade]: Быстрый выбор: для кого ставим отметку?...
[2025-10-20 06:39:46] NavigationEngine :: INFO :: USER[test_user_3] ACTION: 'Иванов Иван' (id=unknown)
[2025-10-20 06:39:46] NavigationEngine :: INFO :: USER[test_user_3] VIEW[select_metric]: Выберите метрику для Иванов Иван...
[2025-10-20 06:39:46] NavigationEngine :: INFO :: USER[test_user_3] ACTION: 'Креативность' (id=unknown)
[2025-10-20 06:39:46] NavigationEngine :: INFO :: USER[test_user_4] VIEW[main]: Инициализация...
[2025-10-20 06:39:46] NavigationEngine :: INFO :: USER[test_user_4] VIEW[main]: Вы находитесь в главном меню...
[2025-10-20 06:39:46] NavigationEngine :: INFO :: USER[test_user_4] ACTION: 'Разговорный режим' (id=unknown)
[2025-10-20 06:39:46] NavigationEngine :: INFO :: USER[test_user_4] VIEW[chat_mode]: Вы вошли в разговорный режим. Задайте вопрос или опишите сит...
[2025-10-20 06:39:46] NavigationEngine :: INFO :: USER[test_user_4] ACTION: '«Привет, это тестовое сообщение.»' (id=user_input)
[2025-10-20 06:39:46] NavigationEngine :: INFO :: USER[test_user_4] AI_RESPONSE: Имитация ответа AI на: Привет, это тестовое сообщение.
[2025-10-20 06:39:46] NavigationEngine :: INFO :: USER[test_user_4] VIEW[chat_mode]: Вы вошли в разговорный режим. Задайте вопрос или опишите сит...
[2025-10-20 06:39:46] NavigationEngine :: INFO :: USER[test_user_4] ACTION: '«/finish»' (id=user_input)
[2025-10-20 06:39:46] NavigationEngine :: INFO :: USER[test_user_4] VIEW[main]: Вы находитесь в главном меню...
[2025-10-20 06:39:46] NavigationEngine :: INFO :: USER[test_user_5] VIEW[main]: Инициализация...
[2025-10-20 06:39:46] NavigationEngine :: INFO :: USER[test_user_5] ACTION: 'Fake Button' (id=unknown)
[2025-10-20 06:39:46] NavigationEngine :: ERROR :: Целевой экран не найден: non_existent_screen
[2025-10-20 06:39:46] NavigationEngine :: INFO :: USER[test_user_5] VIEW[main]: Вы находитесь в главном меню...
[2025-10-20 06:39:54] NavigationEngine :: INFO :: USER[test_user_1] VIEW[main]: Инициализация...
[2025-10-20 06:39:54] NavigationEngine :: INFO :: USER[test_user_1] VIEW[main]: Вы находитесь в главном меню...
[2025-10-20 06:39:54] NavigationEngine :: INFO :: USER[test_user_1] ACTION: 'Мои треки' (id=unknown)
[2025-10-20 06:39:54] NavigationEngine :: INFO :: USER[test_user_1] VIEW[tracks]: Ваши курсы (треки)...
[2025-10-20 06:39:54] NavigationEngine :: INFO :: USER[test_user_1] ACTION: 'Геймдизайн' (id=unknown)
[2025-10-20 06:39:54] NavigationEngine :: INFO :: USER[test_user_1] VIEW[track_detail]: Трек: Геймдизайн...
[2025-10-20 06:39:54] NavigationEngine :: INFO :: USER[test_user_2] VIEW[main]: Инициализация...
[2025-10-20 06:39:54] NavigationEngine :: INFO :: USER[test_user_2] VIEW[main]: Вы находитесь в главном меню...
[2025-10-20 06:39:54] NavigationEngine :: INFO :: USER[test_user_2] ACTION: 'Поставить отметки' (id=unknown)
[2025-10-20 06:39:54] NavigationEngine :: INFO :: USER[test_user_2] VIEW[quick_grade]: Быстрый выбор: для кого ставим отметку?...
[2025-10-20 06:39:54] NavigationEngine :: INFO :: USER[test_user_2] ACTION: 'Иванов Иван' (id=unknown)
[2025-10-20 06:39:54] NavigationEngine :: INFO :: USER[test_user_2] VIEW[select_metric]: Выберите метрику для Иванов Иван...
[2025-10-20 06:39:54] NavigationEngine :: INFO :: USER[test_user_2] ACTION: '< Назад' (id=unknown)
[2025-10-20 06:39:54] NavigationEngine :: INFO :: USER[test_user_2] VIEW[quick_grade]: Быстрый выбор: для кого ставим отметку?...
[2025-10-20 06:39:54] NavigationEngine :: INFO :: USER[test_user_2] ACTION: 'Иванов Иван' (id=unknown)
[2025-10-20 06:39:54] NavigationEngine :: INFO :: USER[test_user_2] VIEW[select_metric]: Выберите метрику для Иванов Иван...
[2025-10-20 06:39:54] NavigationEngine :: INFO :: USER[test_user_2] ACTION: 'Креативность' (id=unknown)
[2025-10-20 06:39:54] NavigationEngine :: INFO :: USER[test_user_2] VIEW[confirm_mark]: Подтвердите: отметить Иванов Иван по метрике «Креативность»?...
[2025-10-20 06:39:54] NavigationEngine :: INFO :: USER[test_user_2] ACTION: 'Нет' (id=unknown)
[2025-10-20 06:39:54] NavigationEngine :: INFO :: USER[test_user_2] VIEW[select_metric]: Выберите метрику для Иванов Иван...
[2025-10-20 06:39:54] NavigationEngine :: INFO :: USER[test_user_3] VIEW[main]: Инициализация...
[2025-10-20 06:39:54] NavigationEngine :: INFO :: USER[test_user_3] VIEW[main]: Вы находитесь в главном меню...
[2025-10-20 06:39:54] NavigationEngine :: INFO :: USER[test_user_3] ACTION: 'Поставить отметки' (id=unknown)
[2025-10-20 06:39:54] NavigationEngine :: INFO :: USER[test_user_3] VIEW[quick_grade]: Быстрый выбор: для кого ставим отметку?...
[2025-10-20 06:39:54] NavigationEngine :: INFO :: USER[test_user_3] ACTION: 'Иванов Иван' (id=unknown)
[2025-10-20 06:39:54] NavigationEngine :: INFO :: USER[test_user_3] VIEW[select_metric]: Выберите метрику для Иванов Иван...
[2025-10-20 06:39:54] NavigationEngine :: INFO :: USER[test_user_3] ACTION: 'Креативность' (id=unknown)
[2025-10-20 06:39:54] NavigationEngine :: INFO :: USER[test_user_4] VIEW[main]: Инициализация...
[2025-10-20 06:39:54] NavigationEngine :: INFO :: USER[test_user_4] VIEW[main]: Вы находитесь в главном меню...
[2025-10-20 06:39:54] NavigationEngine :: INFO :: USER[test_user_4] ACTION: 'Разговорный режим' (id=unknown)
[2025-10-20 06:39:54] NavigationEngine :: INFO :: USER[test_user_4] VIEW[chat_mode]: Вы вошли в разговорный режим. Задайте вопрос или опишите сит...
[2025-10-20 06:39:54] NavigationEngine :: INFO :: USER[test_user_4] ACTION: '«Привет, это тестовое сообщение.»' (id=user_input)
[2025-10-20 06:39:54] NavigationEngine :: INFO :: USER[test_user_4] AI_RESPONSE: Имитация ответа AI на: Привет, это тестовое сообщение.
[2025-10-20 06:39:54] NavigationEngine :: INFO :: USER[test_user_4] VIEW[chat_mode]: Вы вошли в разговорный режим. Задайте вопрос или опишите сит...
[2025-10-20 06:39:54] NavigationEngine :: INFO :: USER[test_user_4] ACTION: '«/finish»' (id=user_input)
[2025-10-20 06:39:54] NavigationEngine :: INFO :: USER[test_user_4] VIEW[main]: Вы находитесь в главном меню...
[2025-10-20 06:39:54] NavigationEngine :: INFO :: USER[test_user_5] VIEW[main]: Инициализация...
[2025-10-20 06:39:54] NavigationEngine :: INFO :: USER[test_user_5] ACTION: 'Fake Button' (id=unknown)
[2025-10-20 06:39:54] NavigationEngine :: ERROR :: Целевой экран не найден: non_existent_screen
[2025-10-20 06:39:54] NavigationEngine :: INFO :: USER[test_user_5] VIEW[main]: Вы находитесь в главном меню...
[2025-10-20 06:57:24] NavigationEngine :: INFO :: USER[test-user] VIEW[main]: Инициализация...
[2025-10-20 06:57:24] NavigationEngine :: INFO :: USER[test-user] VIEW[main]: Вы находитесь в главном меню...
[2025-10-20 06:57:33] NavigationEngine :: INFO :: USER[test-user] ACTION: 'Помощь от ИИ' (id=unknown)
[2025-10-20 06:57:33] NavigationEngine :: INFO :: USER[test-user] VIEW[ai_help]: Опишите, в чём вам нужна помощь (например: «Как мотивировать...
[2025-10-20 06:57:37] NavigationEngine :: INFO :: USER[test-user] ACTION: '«/finish»' (id=user_input)
[2025-10-20 06:57:37] NavigationEngine :: INFO :: USER[test-user] VIEW[main]: Вы находитесь в главном меню...
[2025-10-20 06:57:40] NavigationEngine :: INFO :: USER[test-user] ACTION: 'Поставить отметки' (id=unknown)
[2025-10-20 06:57:40] NavigationEngine :: INFO :: USER[test-user] VIEW[quick_grade]: Быстрый выбор: для кого ставим отметку?...
[2025-10-20 06:57:41] NavigationEngine :: INFO :: USER[test-user] ACTION: 'Иванов Иван' (id=unknown)
[2025-10-20 06:57:41] NavigationEngine :: INFO :: USER[test-user] VIEW[select_metric]: Выберите метрику для Иванов Иван...
[2025-10-20 06:57:44] NavigationEngine :: INFO :: USER[test-user] ACTION: 'Адаптивность' (id=unknown)
[2025-10-20 06:57:44] NavigationEngine :: INFO :: USER[test-user] VIEW[confirm_mark]: Подтвердите: отметить Иванов Иван по метрике «Адаптивность»?...
[2025-10-20 06:57:45] NavigationEngine :: INFO :: USER[test-user] ACTION: '< Назад' (id=unknown)
[2025-10-20 06:57:45] NavigationEngine :: INFO :: USER[test-user] VIEW[select_metric]: Выберите метрику для Иванов Иван...
[2025-10-20 06:57:46] NavigationEngine :: INFO :: USER[test-user] ACTION: '< Назад' (id=unknown)
[2025-10-20 06:57:46] NavigationEngine :: INFO :: USER[test-user] VIEW[quick_grade]: Быстрый выбор: для кого ставим отметку?...
[2025-10-20 06:57:47] NavigationEngine :: INFO :: USER[test-user] ACTION: '< Назад' (id=unknown)
[2025-10-20 06:57:47] NavigationEngine :: INFO :: USER[test-user] VIEW[main]: Вы находитесь в главном меню...
[2025-10-20 06:57:50] NavigationEngine :: INFO :: USER[test-user] ACTION: 'Тест: Алфавит' (id=unknown)
[2025-10-20 06:57:50] NavigationEngine :: INFO :: USER[test-user] VIEW[alphabet]: Выберите букву фамилии студента...
[2025-10-20 06:57:51] NavigationEngine :: INFO :: USER[test-user] ACTION: 'H' (id=unknown)
[2025-10-20 06:57:51] NavigationEngine :: ERROR :: Целевой экран не найден: item_selected
[2025-10-20 06:57:51] NavigationEngine :: INFO :: USER[test-user] VIEW[alphabet]: Выберите букву фамилии студента...
[2025-10-20 06:57:52] NavigationEngine :: INFO :: USER[test-user] ACTION: '< Назад' (id=unknown)
[2025-10-20 06:57:52] NavigationEngine :: INFO :: USER[test-user] VIEW[main]: Вы находитесь в главном меню...
[2025-10-20 06:57:53] NavigationEngine :: INFO :: USER[test-user] ACTION: 'Тест: Алфавит' (id=unknown)
[2025-10-20 06:57:53] NavigationEngine :: INFO :: USER[test-user] VIEW[alphabet]: Выберите букву фамилии студента...
[2025-10-20 06:57:55] NavigationEngine :: INFO :: USER[test-user] ACTION: '< Назад' (id=unknown)
[2025-10-20 06:57:55] NavigationEngine :: INFO :: USER[test-user] VIEW[main]: Вы находитесь в главном меню...
[2025-10-20 06:58:05] NavigationEngine :: INFO :: USER[test_user_1] VIEW[main]: Инициализация...
[2025-10-20 06:58:05] NavigationEngine :: INFO :: USER[test_user_1] VIEW[main]: Вы находитесь в главном меню...
[2025-10-20 06:58:05] NavigationEngine :: INFO :: USER[test_user_1] ACTION: 'Мои треки' (id=unknown)
[2025-10-20 06:58:05] NavigationEngine :: INFO :: USER[test_user_1] VIEW[tracks]: Ваши курсы (треки)...
[2025-10-20 06:58:05] NavigationEngine :: INFO :: USER[test_user_1] ACTION: 'Геймдизайн' (id=unknown)
[2025-10-20 06:58:05] NavigationEngine :: INFO :: USER[test_user_1] VIEW[track_detail]: Трек: Геймдизайн...
[2025-10-20 06:58:05] NavigationEngine :: INFO :: USER[test_user_2] VIEW[main]: Инициализация...
[2025-10-20 06:58:05] NavigationEngine :: INFO :: USER[test_user_2] VIEW[main]: Вы находитесь в главном меню...
[2025-10-20 06:58:05] NavigationEngine :: INFO :: USER[test_user_2] ACTION: 'Поставить отметки' (id=unknown)
[2025-10-20 06:58:05] NavigationEngine :: INFO :: USER[test_user_2] VIEW[quick_grade]: Быстрый выбор: для кого ставим отметку?...
[2025-10-20 06:58:05] NavigationEngine :: INFO :: USER[test_user_2] ACTION: 'Иванов Иван' (id=unknown)
[2025-10-20 06:58:05] NavigationEngine :: INFO :: USER[test_user_2] VIEW[select_metric]: Выберите метрику для Иванов Иван...
[2025-10-20 06:58:05] NavigationEngine :: INFO :: USER[test_user_2] ACTION: '< Назад' (id=unknown)
[2025-10-20 06:58:05] NavigationEngine :: INFO :: USER[test_user_2] VIEW[quick_grade]: Быстрый выбор: для кого ставим отметку?...
[2025-10-20 06:58:05] NavigationEngine :: INFO :: USER[test_user_2] ACTION: 'Иванов Иван' (id=unknown)
[2025-10-20 06:58:05] NavigationEngine :: INFO :: USER[test_user_2] VIEW[select_metric]: Выберите метрику для Иванов Иван...
[2025-10-20 06:58:05] NavigationEngine :: INFO :: USER[test_user_2] ACTION: 'Креативность' (id=unknown)
[2025-10-20 06:58:05] NavigationEngine :: INFO :: USER[test_user_2] VIEW[confirm_mark]: Подтвердите: отметить Иванов Иван по метрике «Креативность»?...
[2025-10-20 06:58:05] NavigationEngine :: INFO :: USER[test_user_2] ACTION: 'Нет' (id=unknown)
[2025-10-20 06:58:05] NavigationEngine :: INFO :: USER[test_user_2] VIEW[select_metric]: Выберите метрику для Иванов Иван...
[2025-10-20 06:58:05] NavigationEngine :: INFO :: USER[test_user_3] VIEW[main]: Инициализация...
[2025-10-20 06:58:05] NavigationEngine :: INFO :: USER[test_user_3] VIEW[main]: Вы находитесь в главном меню...
[2025-10-20 06:58:05] NavigationEngine :: INFO :: USER[test_user_3] ACTION: 'Поставить отметки' (id=unknown)
[2025-10-20 06:58:05] NavigationEngine :: INFO :: USER[test_user_3] VIEW[quick_grade]: Быстрый выбор: для кого ставим отметку?...
[2025-10-20 06:58:05] NavigationEngine :: INFO :: USER[test_user_3] ACTION: 'Иванов Иван' (id=unknown)
[2025-10-20 06:58:05] NavigationEngine :: INFO :: USER[test_user_3] VIEW[select_metric]: Выберите метрику для Иванов Иван...
[2025-10-20 06:58:05] NavigationEngine :: INFO :: USER[test_user_3] ACTION: 'Креативность' (id=unknown)
[2025-10-20 06:58:05] NavigationEngine :: INFO :: USER[test_user_3] VIEW[confirm_mark]: Подтвердите: отметить Иванов Иван по метрике «Креативность»?...
[2025-10-20 06:58:05] NavigationEngine :: INFO :: USER[test_user_3] ACTION: 'Нет' (id=unknown)
[2025-10-20 06:58:05] NavigationEngine :: INFO :: USER[test_user_3] VIEW[select_metric]: Выберите метрику для Иванов Иван...
[2025-10-20 06:58:05] NavigationEngine :: INFO :: USER[test_user_3] ACTION: 'Результат' (id=unknown)
[2025-10-20 06:58:05] NavigationEngine :: INFO :: USER[test_user_4] VIEW[main]: Инициализация...
[2025-10-20 06:58:05] NavigationEngine :: INFO :: USER[test_user_4] VIEW[main]: Вы находитесь в главном меню...
[2025-10-20 06:58:05] NavigationEngine :: INFO :: USER[test_user_4] ACTION: 'Разговорный режим' (id=unknown)
[2025-10-20 06:58:05] NavigationEngine :: INFO :: USER[test_user_4] VIEW[chat_mode]: Вы вошли в разговорный режим. Задайте вопрос или опишите сит...
[2025-10-20 06:58:05] NavigationEngine :: INFO :: USER[test_user_4] ACTION: '«Привет, это тестовое сообщение.»' (id=user_input)
[2025-10-20 06:58:05] NavigationEngine :: INFO :: USER[test_user_4] AI_RESPONSE: Имитация ответа AI на: Привет, это тестовое сообщение.
[2025-10-20 06:58:05] NavigationEngine :: INFO :: USER[test_user_4] VIEW[chat_mode]: Вы вошли в разговорный режим. Задайте вопрос или опишите сит...
[2025-10-20 06:58:05] NavigationEngine :: INFO :: USER[test_user_4] ACTION: '«/finish»' (id=user_input)
[2025-10-20 06:58:05] NavigationEngine :: INFO :: USER[test_user_4] VIEW[main]: Вы находитесь в главном меню...
[2025-10-20 06:58:05] NavigationEngine :: INFO :: USER[test_user_5] VIEW[main]: Инициализация...
[2025-10-20 06:58:05] NavigationEngine :: INFO :: USER[test_user_5] ACTION: 'Fake Button' (id=unknown)
[2025-10-20 06:58:05] NavigationEngine :: ERROR :: Целевой экран не найден: non_existent_screen
[2025-10-20 06:58:05] NavigationEngine :: INFO :: USER[test_user_5] VIEW[main]: Вы находитесь в главном меню...
[2025-10-20 07:02:18] NavigationEngine :: INFO :: USER[8481689801] VIEW[main]: Инициализация...
[2025-10-20 07:02:18] NavigationEngine :: INFO :: USER[8481689801] VIEW[main]: Вы находитесь в главном меню...
[2025-10-20 07:02:18] NavigationEngine :: INFO :: USER[7746280377] VIEW[main]: Инициализация...
[2025-10-20 07:02:18] NavigationEngine :: INFO :: USER[7746280377] VIEW[main]: Вы находитесь в главном меню...
[2025-10-20 07:02:18] NavigationEngine :: INFO :: USER[7793918563] VIEW[main]: Инициализация...
[2025-10-20 07:02:18] NavigationEngine :: INFO :: USER[7793918563] VIEW[main]: Вы находитесь в главном меню...
[2025-10-20 07:02:18] NavigationEngine :: INFO :: USER[111163670] VIEW[main]: Инициализация...
[2025-10-20 07:02:18] NavigationEngine :: INFO :: USER[111163670] VIEW[main]: Вы находитесь в главном меню...
[2025-10-20 07:02:18] NavigationEngine :: INFO :: USER[7361159078] VIEW[main]: Инициализация...
[2025-10-20 07:02:18] NavigationEngine :: INFO :: USER[7361159078] VIEW[main]: Вы находитесь в главном меню...
[2025-10-20 07:02:33] NavigationEngine :: INFO :: USER[410133746] VIEW[main]: Инициализация...
[2025-10-20 07:02:33] NavigationEngine :: INFO :: USER[410133746] VIEW[main]: Вы находитесь в главном меню...
[2025-10-20 07:02:36] NavigationEngine :: INFO :: USER[410133746] VIEW[main]: Вы находитесь в главном меню...
[2025-10-20 07:02:36] NavigationEngine :: INFO :: USER[410133746] ACTION: 'Мои треки' (id=unknown)
[2025-10-20 07:02:36] NavigationEngine :: INFO :: USER[410133746] VIEW[tracks]: Ваши курсы (треки)...
[2025-10-20 07:02:37] NavigationEngine :: INFO :: USER[410133746] VIEW[tracks]: Ваши курсы (треки)...
[2025-10-20 07:02:37] NavigationEngine :: INFO :: USER[410133746] ACTION: '< Назад' (id=unknown)
[2025-10-20 07:02:37] NavigationEngine :: INFO :: USER[410133746] VIEW[main]: Вы находитесь в главном меню...
[2025-10-20 07:02:38] NavigationEngine :: INFO :: USER[410133746] VIEW[main]: Вы находитесь в главном меню...
[2025-10-20 07:02:38] NavigationEngine :: INFO :: USER[410133746] ACTION: 'Поставить отметки' (id=unknown)
[2025-10-20 07:02:38] NavigationEngine :: INFO :: USER[410133746] VIEW[quick_grade]: Быстрый выбор: для кого ставим отметку?...
[2025-10-20 07:02:40] NavigationEngine :: INFO :: USER[410133746] VIEW[quick_grade]: Быстрый выбор: для кого ставим отметку?...
[2025-10-20 07:02:40] NavigationEngine :: INFO :: USER[410133746] ACTION: '< Назад' (id=unknown)
[2025-10-20 07:02:40] NavigationEngine :: INFO :: USER[410133746] VIEW[main]: Вы находитесь в главном меню...
[2025-10-20 07:02:41] NavigationEngine :: INFO :: USER[410133746] VIEW[main]: Вы находитесь в главном меню...
[2025-10-20 07:02:41] NavigationEngine :: INFO :: USER[410133746] ACTION: 'Поставить отметки' (id=unknown)
[2025-10-20 07:02:41] NavigationEngine :: INFO :: USER[410133746] VIEW[quick_grade]: Быстрый выбор: для кого ставим отметку?...
[2025-10-20 07:02:42] NavigationEngine :: INFO :: USER[410133746] VIEW[quick_grade]: Быстрый выбор: для кого ставим отметку?...
[2025-10-20 07:02:42] NavigationEngine :: INFO :: USER[410133746] ACTION: 'Иванов Иван' (id=unknown)
[2025-10-20 07:02:42] NavigationEngine :: INFO :: USER[410133746] VIEW[select_metric]: Выберите метрику для Иванов Иван...
[2025-10-20 07:02:44] NavigationEngine :: INFO :: USER[410133746] VIEW[select_metric]: Выберите метрику для Иванов Иван...
[2025-10-20 07:02:44] NavigationEngine :: INFO :: USER[410133746] ACTION: '< Назад' (id=unknown)
[2025-10-20 07:02:44] NavigationEngine :: INFO :: USER[410133746] VIEW[quick_grade]: Быстрый выбор: для кого ставим отметку?...
[2025-10-20 07:02:45] NavigationEngine :: INFO :: USER[410133746] VIEW[quick_grade]: Быстрый выбор: для кого ставим отметку?...
[2025-10-20 07:02:45] NavigationEngine :: INFO :: USER[410133746] ACTION: 'Сидоров Сидор' (id=unknown)
[2025-10-20 07:02:45] NavigationEngine :: INFO :: USER[410133746] VIEW[select_metric]: Выберите метрику для Сидоров Сидор...
[2025-10-20 07:02:46] NavigationEngine :: INFO :: USER[410133746] VIEW[select_metric]: Выберите метрику для Сидоров Сидор...
[2025-10-20 07:02:46] NavigationEngine :: INFO :: USER[410133746] ACTION: '< Назад' (id=unknown)
[2025-10-20 07:02:46] NavigationEngine :: INFO :: USER[410133746] VIEW[quick_grade]: Быстрый выбор: для кого ставим отметку?...
[2025-10-20 07:02:47] NavigationEngine :: INFO :: USER[410133746] VIEW[quick_grade]: Быстрый выбор: для кого ставим отметку?...
[2025-10-20 07:02:47] NavigationEngine :: INFO :: USER[410133746] ACTION: '< Назад' (id=unknown)
[2025-10-20 07:02:47] NavigationEngine :: INFO :: USER[410133746] VIEW[main]: Вы находитесь в главном меню...
[2025-10-20 07:02:49] NavigationEngine :: INFO :: USER[410133746] VIEW[main]: Вы находитесь в главном меню...
[2025-10-20 07:02:49] NavigationEngine :: INFO :: USER[410133746] ACTION: 'Ближайшие встречи' (id=unknown)
[2025-10-20 07:02:49] NavigationEngine :: ERROR :: Целевой экран не найден: meetings
[2025-10-20 07:02:49] NavigationEngine :: INFO :: USER[410133746] VIEW[main]: Вы находитесь в главном меню...
[2025-10-20 07:02:51] NavigationEngine :: INFO :: USER[410133746] VIEW[main]: Вы находитесь в главном меню...
[2025-10-20 07:02:51] NavigationEngine :: INFO :: USER[410133746] ACTION: 'Тест: Алфавит' (id=unknown)
[2025-10-20 07:02:51] NavigationEngine :: INFO :: USER[410133746] VIEW[alphabet]: Выберите букву фамилии студента...
[2025-10-20 07:02:54] NavigationEngine :: INFO :: USER[410133746] VIEW[alphabet]: Выберите букву фамилии студента...
[2025-10-20 07:02:54] NavigationEngine :: INFO :: USER[410133746] ACTION: '< Назад' (id=unknown)
[2025-10-20 07:02:54] NavigationEngine :: INFO :: USER[410133746] VIEW[main]: Вы находитесь в главном меню...
[2025-10-20 07:02:55] NavigationEngine :: INFO :: USER[410133746] VIEW[main]: Вы находитесь в главном меню...
[2025-10-20 07:02:55] NavigationEngine :: INFO :: USER[410133746] ACTION: 'Помощь от ИИ' (id=unknown)
[2025-10-20 07:02:55] NavigationEngine :: INFO :: USER[410133746] VIEW[ai_help]: Опишите, в чём вам нужна помощь (например: «Как мотивировать...
[2025-10-20 07:03:03] NavigationEngine :: INFO :: USER[410133746] VIEW[ai_help]: Опишите, в чём вам нужна помощь (например: «Как мотивировать...
[2025-10-20 07:03:03] NavigationEngine :: INFO :: USER[410133746] ACTION: '«/finish»' (id=user_input)
[2025-10-20 07:03:03] NavigationEngine :: INFO :: USER[410133746] VIEW[main]: Вы находитесь в главном меню...
